{"C:\\Users\\cmedg\\Desktop\\SHIRTFINDER\\ShirtFinder\\backend\\server.js": {"path":"C:\\Users\\cmedg\\Desktop\\SHIRTFINDER\\ShirtFinder\\backend\\server.js","statementMap":{"0":{"start":{"line":1,"column":0},"end":{"line":1,"column":27}},"1":{"start":{"line":2,"column":16},"end":{"line":2,"column":34}},"2":{"start":{"line":3,"column":13},"end":{"line":3,"column":28}},"3":{"start":{"line":4,"column":13},"end":{"line":4,"column":35}},"4":{"start":{"line":6,"column":12},"end":{"line":6,"column":21}},"5":{"start":{"line":8,"column":0},"end":{"line":8,"column":16}},"6":{"start":{"line":9,"column":0},"end":{"line":9,"column":24}},"7":{"start":{"line":11,"column":19},"end":{"line":11,"column":43}},"8":{"start":{"line":12,"column":20},"end":{"line":12,"column":46}},"9":{"start":{"line":13,"column":22},"end":{"line":13,"column":55}},"10":{"start":{"line":14,"column":19},"end":{"line":14,"column":49}},"11":{"start":{"line":15,"column":23},"end":{"line":15,"column":57}},"12":{"start":{"line":16,"column":19},"end":{"line":16,"column":49}},"13":{"start":{"line":18,"column":0},"end":{"line":18,"column":33}},"14":{"start":{"line":19,"column":0},"end":{"line":19,"column":36}},"15":{"start":{"line":20,"column":0},"end":{"line":20,"column":40}},"16":{"start":{"line":21,"column":0},"end":{"line":21,"column":34}},"17":{"start":{"line":22,"column":0},"end":{"line":22,"column":42}},"18":{"start":{"line":23,"column":0},"end":{"line":23,"column":34}},"19":{"start":{"line":24,"column":0},"end":{"line":24,"column":47}},"20":{"start":{"line":27,"column":4},"end":{"line":47,"column":5}},"21":{"start":{"line":28,"column":23},"end":{"line":28,"column":84}},"22":{"start":{"line":29,"column":8},"end":{"line":31,"column":9}},"23":{"start":{"line":30,"column":12},"end":{"line":30,"column":98}},"24":{"start":{"line":32,"column":8},"end":{"line":44,"column":11}},"25":{"start":{"line":46,"column":28},"end":{"line":46,"column":114}},"26":{"start":{"line":50,"column":0},"end":{"line":57,"column":1}},"27":{"start":{"line":51,"column":4},"end":{"line":56,"column":7}},"28":{"start":{"line":52,"column":21},"end":{"line":52,"column":45}},"29":{"start":{"line":53,"column":8},"end":{"line":55,"column":11}},"30":{"start":{"line":54,"column":32},"end":{"line":54,"column":131}},"31":{"start":{"line":59,"column":0},"end":{"line":59,"column":21}},"32":{"start":{"line":66,"column":85},"end":{"line":66,"column":46484}},"33":{"start":{"line":66,"column":89},"end":{"line":66,"column":46456}},"34":{"start":{"line":66,"column":46466},"end":{"line":66,"column":46483}}},"fnMap":{"0":{"name":"runMigrations","decl":{"start":{"line":26,"column":15},"end":{"line":26,"column":28}},"loc":{"start":{"line":26,"column":31},"end":{"line":48,"column":1}},"line":26},"1":{"name":"(anonymous_1)","decl":{"start":{"line":51,"column":25},"end":{"line":51,"column":26}},"loc":{"start":{"line":51,"column":31},"end":{"line":56,"column":5}},"line":51},"2":{"name":"(anonymous_2)","decl":{"start":{"line":53,"column":25},"end":{"line":53,"column":26}},"loc":{"start":{"line":53,"column":31},"end":{"line":55,"column":9}},"line":53},"3":{"name":"oo_cm","decl":{"start":{"line":66,"column":77},"end":{"line":66,"column":82}},"loc":{"start":{"line":66,"column":84},"end":{"line":66,"column":46485}},"line":66}},"branchMap":{"0":{"loc":{"start":{"line":29,"column":8},"end":{"line":31,"column":9}},"type":"if","locations":[{"start":{"line":29,"column":8},"end":{"line":31,"column":9}},{"start":{},"end":{}}],"line":29},"1":{"loc":{"start":{"line":50,"column":0},"end":{"line":57,"column":1}},"type":"if","locations":[{"start":{"line":50,"column":0},"end":{"line":57,"column":1}},{"start":{},"end":{}}],"line":50},"2":{"loc":{"start":{"line":52,"column":21},"end":{"line":52,"column":45}},"type":"binary-expr","locations":[{"start":{"line":52,"column":21},"end":{"line":52,"column":37}},{"start":{"line":52,"column":41},"end":{"line":52,"column":45}}],"line":52},"3":{"loc":{"start":{"line":66,"column":96},"end":{"line":66,"column":46455}},"type":"binary-expr","locations":[{"start":{"line":66,"column":96},"end":{"line":66,"column":133}},{"start":{"line":66,"column":137},"end":{"line":66,"column":46455}}],"line":66}},"s":{"0":5,"1":5,"2":5,"3":5,"4":5,"5":5,"6":5,"7":5,"8":5,"9":5,"10":5,"11":5,"12":5,"13":5,"14":5,"15":5,"16":5,"17":5,"18":5,"19":5,"20":0,"21":0,"22":0,"23":0,"24":0,"25":0,"26":5,"27":0,"28":0,"29":0,"30":0,"31":5,"32":0,"33":0,"34":0},"f":{"0":0,"1":0,"2":0,"3":0},"b":{"0":[0,0],"1":[0,5],"2":[0,0],"3":[0,0]},"_coverageSchema":"1a1c01bbd47fc00a2c39e90264f33305004495a9","hash":"c71369af9977d1fc30062eef6f5b4bd66a5c3a27"}
,"C:\\Users\\cmedg\\Desktop\\SHIRTFINDER\\ShirtFinder\\backend\\config\\db.js": {"path":"C:\\Users\\cmedg\\Desktop\\SHIRTFINDER\\ShirtFinder\\backend\\config\\db.js","statementMap":{"0":{"start":{"line":1,"column":14},"end":{"line":1,"column":39}},"1":{"start":{"line":3,"column":13},"end":{"line":12,"column":2}},"2":{"start":{"line":14,"column":0},"end":{"line":21,"column":5}},"3":{"start":{"line":16,"column":24},"end":{"line":16,"column":92}},"4":{"start":{"line":17,"column":4},"end":{"line":17,"column":25}},"5":{"start":{"line":20,"column":24},"end":{"line":20,"column":109}},"6":{"start":{"line":23,"column":0},"end":{"line":23,"column":22}},"7":{"start":{"line":30,"column":85},"end":{"line":30,"column":46484}},"8":{"start":{"line":30,"column":89},"end":{"line":30,"column":46456}},"9":{"start":{"line":30,"column":46466},"end":{"line":30,"column":46483}}},"fnMap":{"0":{"name":"(anonymous_0)","decl":{"start":{"line":15,"column":8},"end":{"line":15,"column":9}},"loc":{"start":{"line":15,"column":22},"end":{"line":18,"column":3}},"line":15},"1":{"name":"(anonymous_1)","decl":{"start":{"line":19,"column":9},"end":{"line":19,"column":10}},"loc":{"start":{"line":19,"column":16},"end":{"line":21,"column":3}},"line":19},"2":{"name":"oo_cm","decl":{"start":{"line":30,"column":77},"end":{"line":30,"column":82}},"loc":{"start":{"line":30,"column":84},"end":{"line":30,"column":46485}},"line":30}},"branchMap":{"0":{"loc":{"start":{"line":4,"column":8},"end":{"line":4,"column":42}},"type":"binary-expr","locations":[{"start":{"line":4,"column":8},"end":{"line":4,"column":27}},{"start":{"line":4,"column":31},"end":{"line":4,"column":42}}],"line":4},"1":{"loc":{"start":{"line":5,"column":8},"end":{"line":5,"column":37}},"type":"binary-expr","locations":[{"start":{"line":5,"column":8},"end":{"line":5,"column":27}},{"start":{"line":5,"column":31},"end":{"line":5,"column":37}}],"line":5},"2":{"loc":{"start":{"line":6,"column":12},"end":{"line":6,"column":41}},"type":"binary-expr","locations":[{"start":{"line":6,"column":12},"end":{"line":6,"column":35}},{"start":{"line":6,"column":39},"end":{"line":6,"column":41}}],"line":6},"3":{"loc":{"start":{"line":7,"column":12},"end":{"line":7,"column":48}},"type":"binary-expr","locations":[{"start":{"line":7,"column":12},"end":{"line":7,"column":31}},{"start":{"line":7,"column":35},"end":{"line":7,"column":48}}],"line":7},"4":{"loc":{"start":{"line":8,"column":8},"end":{"line":8,"column":35}},"type":"binary-expr","locations":[{"start":{"line":8,"column":8},"end":{"line":8,"column":27}},{"start":{"line":8,"column":31},"end":{"line":8,"column":35}}],"line":8},"5":{"loc":{"start":{"line":30,"column":96},"end":{"line":30,"column":46455}},"type":"binary-expr","locations":[{"start":{"line":30,"column":96},"end":{"line":30,"column":133}},{"start":{"line":30,"column":137},"end":{"line":30,"column":46455}}],"line":30}},"s":{"0":5,"1":5,"2":5,"3":5,"4":5,"5":0,"6":5,"7":5,"8":5,"9":0},"f":{"0":5,"1":0,"2":5},"b":{"0":[5,0],"1":[5,0],"2":[5,0],"3":[5,0],"4":[5,0],"5":[5,5]},"_coverageSchema":"1a1c01bbd47fc00a2c39e90264f33305004495a9","hash":"48dd0882760b7b0acc702130b13e0d00ca10ebd9"}
,"C:\\Users\\cmedg\\Desktop\\SHIRTFINDER\\ShirtFinder\\backend\\controllers\\authController.js": {"path":"C:\\Users\\cmedg\\Desktop\\SHIRTFINDER\\ShirtFinder\\backend\\controllers\\authController.js","statementMap":{"0":{"start":{"line":1,"column":13},"end":{"line":1,"column":36}},"1":{"start":{"line":2,"column":15},"end":{"line":2,"column":34}},"2":{"start":{"line":3,"column":12},"end":{"line":3,"column":35}},"3":{"start":{"line":4,"column":15},"end":{"line":4,"column":32}},"4":{"start":{"line":5,"column":27},"end":{"line":5,"column":53}},"5":{"start":{"line":7,"column":0},"end":{"line":44,"column":2}},"6":{"start":{"line":8,"column":2},"end":{"line":43,"column":3}},"7":{"start":{"line":9,"column":42},"end":{"line":9,"column":50}},"8":{"start":{"line":11,"column":4},"end":{"line":16,"column":5}},"9":{"start":{"line":12,"column":6},"end":{"line":15,"column":9}},"10":{"start":{"line":18,"column":27},"end":{"line":21,"column":5}},"11":{"start":{"line":23,"column":4},"end":{"line":28,"column":5}},"12":{"start":{"line":24,"column":6},"end":{"line":27,"column":9}},"13":{"start":{"line":30,"column":27},"end":{"line":30,"column":58}},"14":{"start":{"line":32,"column":4},"end":{"line":35,"column":6}},"15":{"start":{"line":37,"column":4},"end":{"line":40,"column":7}},"16":{"start":{"line":42,"column":4},"end":{"line":42,"column":67}},"17":{"start":{"line":46,"column":0},"end":{"line":98,"column":2}},"18":{"start":{"line":47,"column":2},"end":{"line":97,"column":3}},"19":{"start":{"line":48,"column":32},"end":{"line":48,"column":40}},"20":{"start":{"line":50,"column":4},"end":{"line":55,"column":5}},"21":{"start":{"line":51,"column":6},"end":{"line":54,"column":9}},"22":{"start":{"line":57,"column":20},"end":{"line":60,"column":5}},"23":{"start":{"line":62,"column":4},"end":{"line":67,"column":5}},"24":{"start":{"line":63,"column":6},"end":{"line":66,"column":9}},"25":{"start":{"line":69,"column":17},"end":{"line":69,"column":25}},"26":{"start":{"line":71,"column":20},"end":{"line":71,"column":65}},"27":{"start":{"line":73,"column":4},"end":{"line":78,"column":5}},"28":{"start":{"line":74,"column":6},"end":{"line":77,"column":9}},"29":{"start":{"line":80,"column":18},"end":{"line":84,"column":5}},"30":{"start":{"line":86,"column":4},"end":{"line":94,"column":7}},"31":{"start":{"line":96,"column":4},"end":{"line":96,"column":67}},"32":{"start":{"line":100,"column":0},"end":{"line":121,"column":2}},"33":{"start":{"line":101,"column":2},"end":{"line":120,"column":3}},"34":{"start":{"line":102,"column":20},"end":{"line":105,"column":5}},"35":{"start":{"line":107,"column":4},"end":{"line":112,"column":5}},"36":{"start":{"line":108,"column":6},"end":{"line":111,"column":9}},"37":{"start":{"line":114,"column":4},"end":{"line":117,"column":7}},"38":{"start":{"line":119,"column":4},"end":{"line":119,"column":67}},"39":{"start":{"line":123,"column":0},"end":{"line":150,"column":2}},"40":{"start":{"line":124,"column":4},"end":{"line":149,"column":5}},"41":{"start":{"line":125,"column":26},"end":{"line":125,"column":34}},"42":{"start":{"line":127,"column":8},"end":{"line":127,"column":96}},"43":{"start":{"line":127,"column":20},"end":{"line":127,"column":96}},"44":{"start":{"line":129,"column":24},"end":{"line":129,"column":88}},"45":{"start":{"line":131,"column":8},"end":{"line":133,"column":9}},"46":{"start":{"line":132,"column":12},"end":{"line":132,"column":100}},"47":{"start":{"line":135,"column":22},"end":{"line":135,"column":60}},"48":{"start":{"line":136,"column":26},"end":{"line":136,"column":63}},"49":{"start":{"line":138,"column":8},"end":{"line":138,"column":81}},"50":{"start":{"line":139,"column":8},"end":{"line":142,"column":10}},"51":{"start":{"line":144,"column":8},"end":{"line":144,"column":43}},"52":{"start":{"line":146,"column":8},"end":{"line":146,"column":89}},"53":{"start":{"line":148,"column":8},"end":{"line":148,"column":92}},"54":{"start":{"line":152,"column":0},"end":{"line":176,"column":2}},"55":{"start":{"line":153,"column":4},"end":{"line":175,"column":5}},"56":{"start":{"line":154,"column":36},"end":{"line":154,"column":44}},"57":{"start":{"line":155,"column":8},"end":{"line":155,"column":111}},"58":{"start":{"line":155,"column":33},"end":{"line":155,"column":111}},"59":{"start":{"line":157,"column":25},"end":{"line":160,"column":9}},"60":{"start":{"line":162,"column":8},"end":{"line":164,"column":9}},"61":{"start":{"line":163,"column":12},"end":{"line":163,"column":98}},"62":{"start":{"line":166,"column":26},"end":{"line":166,"column":35}},"63":{"start":{"line":167,"column":31},"end":{"line":167,"column":62}},"64":{"start":{"line":169,"column":8},"end":{"line":169,"column":99}},"65":{"start":{"line":170,"column":8},"end":{"line":170,"column":81}},"66":{"start":{"line":172,"column":8},"end":{"line":172,"column":85}},"67":{"start":{"line":174,"column":8},"end":{"line":174,"column":92}}},"fnMap":{"0":{"name":"(anonymous_0)","decl":{"start":{"line":7,"column":19},"end":{"line":7,"column":20}},"loc":{"start":{"line":7,"column":39},"end":{"line":44,"column":1}},"line":7},"1":{"name":"(anonymous_1)","decl":{"start":{"line":46,"column":16},"end":{"line":46,"column":17}},"loc":{"start":{"line":46,"column":36},"end":{"line":98,"column":1}},"line":46},"2":{"name":"(anonymous_2)","decl":{"start":{"line":100,"column":16},"end":{"line":100,"column":17}},"loc":{"start":{"line":100,"column":36},"end":{"line":121,"column":1}},"line":100},"3":{"name":"(anonymous_3)","decl":{"start":{"line":123,"column":25},"end":{"line":123,"column":26}},"loc":{"start":{"line":123,"column":45},"end":{"line":150,"column":1}},"line":123},"4":{"name":"(anonymous_4)","decl":{"start":{"line":152,"column":24},"end":{"line":152,"column":25}},"loc":{"start":{"line":152,"column":44},"end":{"line":176,"column":1}},"line":152}},"branchMap":{"0":{"loc":{"start":{"line":11,"column":4},"end":{"line":16,"column":5}},"type":"if","locations":[{"start":{"line":11,"column":4},"end":{"line":16,"column":5}},{"start":{},"end":{}}],"line":11},"1":{"loc":{"start":{"line":11,"column":8},"end":{"line":11,"column":40}},"type":"binary-expr","locations":[{"start":{"line":11,"column":8},"end":{"line":11,"column":17}},{"start":{"line":11,"column":21},"end":{"line":11,"column":27}},{"start":{"line":11,"column":31},"end":{"line":11,"column":40}}],"line":11},"2":{"loc":{"start":{"line":23,"column":4},"end":{"line":28,"column":5}},"type":"if","locations":[{"start":{"line":23,"column":4},"end":{"line":28,"column":5}},{"start":{},"end":{}}],"line":23},"3":{"loc":{"start":{"line":50,"column":4},"end":{"line":55,"column":5}},"type":"if","locations":[{"start":{"line":50,"column":4},"end":{"line":55,"column":5}},{"start":{},"end":{}}],"line":50},"4":{"loc":{"start":{"line":50,"column":8},"end":{"line":50,"column":27}},"type":"binary-expr","locations":[{"start":{"line":50,"column":8},"end":{"line":50,"column":14}},{"start":{"line":50,"column":18},"end":{"line":50,"column":27}}],"line":50},"5":{"loc":{"start":{"line":62,"column":4},"end":{"line":67,"column":5}},"type":"if","locations":[{"start":{"line":62,"column":4},"end":{"line":67,"column":5}},{"start":{},"end":{}}],"line":62},"6":{"loc":{"start":{"line":73,"column":4},"end":{"line":78,"column":5}},"type":"if","locations":[{"start":{"line":73,"column":4},"end":{"line":78,"column":5}},{"start":{},"end":{}}],"line":73},"7":{"loc":{"start":{"line":107,"column":4},"end":{"line":112,"column":5}},"type":"if","locations":[{"start":{"line":107,"column":4},"end":{"line":112,"column":5}},{"start":{},"end":{}}],"line":107},"8":{"loc":{"start":{"line":127,"column":8},"end":{"line":127,"column":96}},"type":"if","locations":[{"start":{"line":127,"column":8},"end":{"line":127,"column":96}},{"start":{},"end":{}}],"line":127},"9":{"loc":{"start":{"line":131,"column":8},"end":{"line":133,"column":9}},"type":"if","locations":[{"start":{"line":131,"column":8},"end":{"line":133,"column":9}},{"start":{},"end":{}}],"line":131},"10":{"loc":{"start":{"line":155,"column":8},"end":{"line":155,"column":111}},"type":"if","locations":[{"start":{"line":155,"column":8},"end":{"line":155,"column":111}},{"start":{},"end":{}}],"line":155},"11":{"loc":{"start":{"line":155,"column":12},"end":{"line":155,"column":31}},"type":"binary-expr","locations":[{"start":{"line":155,"column":12},"end":{"line":155,"column":18}},{"start":{"line":155,"column":22},"end":{"line":155,"column":31}}],"line":155},"12":{"loc":{"start":{"line":162,"column":8},"end":{"line":164,"column":9}},"type":"if","locations":[{"start":{"line":162,"column":8},"end":{"line":164,"column":9}},{"start":{},"end":{}}],"line":162}},"s":{"0":5,"1":5,"2":5,"3":5,"4":5,"5":5,"6":3,"7":3,"8":3,"9":1,"10":2,"11":2,"12":1,"13":1,"14":1,"15":1,"16":0,"17":5,"18":3,"19":3,"20":3,"21":0,"22":3,"23":3,"24":1,"25":2,"26":2,"27":2,"28":1,"29":1,"30":1,"31":0,"32":5,"33":0,"34":0,"35":0,"36":0,"37":0,"38":0,"39":5,"40":0,"41":0,"42":0,"43":0,"44":0,"45":0,"46":0,"47":0,"48":0,"49":0,"50":0,"51":0,"52":0,"53":0,"54":5,"55":0,"56":0,"57":0,"58":0,"59":0,"60":0,"61":0,"62":0,"63":0,"64":0,"65":0,"66":0,"67":0},"f":{"0":3,"1":3,"2":0,"3":0,"4":0},"b":{"0":[1,2],"1":[3,2,2],"2":[1,1],"3":[0,3],"4":[3,3],"5":[1,2],"6":[1,1],"7":[0,0],"8":[0,0],"9":[0,0],"10":[0,0],"11":[0,0],"12":[0,0]},"_coverageSchema":"1a1c01bbd47fc00a2c39e90264f33305004495a9","hash":"dbd9f612d553eb3f763ea9daa51186095357a996"}
,"C:\\Users\\cmedg\\Desktop\\SHIRTFINDER\\ShirtFinder\\backend\\controllers\\commentController.js": {"path":"C:\\Users\\cmedg\\Desktop\\SHIRTFINDER\\ShirtFinder\\backend\\controllers\\commentController.js","statementMap":{"0":{"start":{"line":1,"column":13},"end":{"line":1,"column":36}},"1":{"start":{"line":3,"column":0},"end":{"line":25,"column":2}},"2":{"start":{"line":4,"column":4},"end":{"line":24,"column":5}},"3":{"start":{"line":5,"column":28},"end":{"line":5,"column":38}},"4":{"start":{"line":7,"column":27},"end":{"line":14,"column":9}},"5":{"start":{"line":16,"column":35},"end":{"line":19,"column":11}},"6":{"start":{"line":16,"column":54},"end":{"line":19,"column":9}},"7":{"start":{"line":21,"column":8},"end":{"line":21,"column":74}},"8":{"start":{"line":23,"column":8},"end":{"line":23,"column":71}},"9":{"start":{"line":27,"column":0},"end":{"line":61,"column":2}},"10":{"start":{"line":28,"column":4},"end":{"line":60,"column":5}},"11":{"start":{"line":29,"column":28},"end":{"line":29,"column":38}},"12":{"start":{"line":30,"column":33},"end":{"line":30,"column":41}},"13":{"start":{"line":31,"column":23},"end":{"line":31,"column":34}},"14":{"start":{"line":33,"column":8},"end":{"line":35,"column":9}},"15":{"start":{"line":34,"column":12},"end":{"line":34,"column":107}},"16":{"start":{"line":37,"column":28},"end":{"line":37,"column":51}},"17":{"start":{"line":39,"column":25},"end":{"line":42,"column":9}},"18":{"start":{"line":44,"column":29},"end":{"line":50,"column":9}},"19":{"start":{"line":52,"column":34},"end":{"line":55,"column":9}},"20":{"start":{"line":57,"column":8},"end":{"line":57,"column":73}},"21":{"start":{"line":59,"column":8},"end":{"line":59,"column":71}},"22":{"start":{"line":63,"column":0},"end":{"line":81,"column":2}},"23":{"start":{"line":64,"column":4},"end":{"line":80,"column":5}},"24":{"start":{"line":65,"column":23},"end":{"line":65,"column":34}},"25":{"start":{"line":67,"column":27},"end":{"line":75,"column":9}},"26":{"start":{"line":77,"column":8},"end":{"line":77,"column":64}},"27":{"start":{"line":79,"column":8},"end":{"line":79,"column":71}},"28":{"start":{"line":83,"column":0},"end":{"line":106,"column":2}},"29":{"start":{"line":84,"column":4},"end":{"line":105,"column":5}},"30":{"start":{"line":85,"column":30},"end":{"line":85,"column":40}},"31":{"start":{"line":86,"column":23},"end":{"line":86,"column":34}},"32":{"start":{"line":88,"column":26},"end":{"line":91,"column":9}},"33":{"start":{"line":93,"column":8},"end":{"line":95,"column":9}},"34":{"start":{"line":94,"column":12},"end":{"line":94,"column":97}},"35":{"start":{"line":97,"column":8},"end":{"line":99,"column":9}},"36":{"start":{"line":98,"column":12},"end":{"line":98,"column":86}},"37":{"start":{"line":101,"column":8},"end":{"line":101,"column":84}},"38":{"start":{"line":102,"column":8},"end":{"line":102,"column":81}},"39":{"start":{"line":104,"column":8},"end":{"line":104,"column":71}}},"fnMap":{"0":{"name":"(anonymous_0)","decl":{"start":{"line":3,"column":29},"end":{"line":3,"column":30}},"loc":{"start":{"line":3,"column":49},"end":{"line":25,"column":1}},"line":3},"1":{"name":"(anonymous_1)","decl":{"start":{"line":16,"column":48},"end":{"line":16,"column":49}},"loc":{"start":{"line":16,"column":54},"end":{"line":19,"column":9}},"line":16},"2":{"name":"(anonymous_2)","decl":{"start":{"line":27,"column":21},"end":{"line":27,"column":22}},"loc":{"start":{"line":27,"column":41},"end":{"line":61,"column":1}},"line":27},"3":{"name":"(anonymous_3)","decl":{"start":{"line":63,"column":26},"end":{"line":63,"column":27}},"loc":{"start":{"line":63,"column":46},"end":{"line":81,"column":1}},"line":63},"4":{"name":"(anonymous_4)","decl":{"start":{"line":83,"column":24},"end":{"line":83,"column":25}},"loc":{"start":{"line":83,"column":44},"end":{"line":106,"column":1}},"line":83}},"branchMap":{"0":{"loc":{"start":{"line":18,"column":20},"end":{"line":18,"column":45}},"type":"binary-expr","locations":[{"start":{"line":18,"column":20},"end":{"line":18,"column":40}},{"start":{"line":18,"column":44},"end":{"line":18,"column":45}}],"line":18},"1":{"loc":{"start":{"line":33,"column":8},"end":{"line":35,"column":9}},"type":"if","locations":[{"start":{"line":33,"column":8},"end":{"line":35,"column":9}},{"start":{},"end":{}}],"line":33},"2":{"loc":{"start":{"line":33,"column":12},"end":{"line":33,"column":39}},"type":"binary-expr","locations":[{"start":{"line":33,"column":12},"end":{"line":33,"column":17}},{"start":{"line":33,"column":21},"end":{"line":33,"column":39}}],"line":33},"3":{"loc":{"start":{"line":37,"column":28},"end":{"line":37,"column":51}},"type":"binary-expr","locations":[{"start":{"line":37,"column":28},"end":{"line":37,"column":46}},{"start":{"line":37,"column":50},"end":{"line":37,"column":51}}],"line":37},"4":{"loc":{"start":{"line":54,"column":20},"end":{"line":54,"column":57}},"type":"binary-expr","locations":[{"start":{"line":54,"column":20},"end":{"line":54,"column":52}},{"start":{"line":54,"column":56},"end":{"line":54,"column":57}}],"line":54},"5":{"loc":{"start":{"line":93,"column":8},"end":{"line":95,"column":9}},"type":"if","locations":[{"start":{"line":93,"column":8},"end":{"line":95,"column":9}},{"start":{},"end":{}}],"line":93},"6":{"loc":{"start":{"line":97,"column":8},"end":{"line":99,"column":9}},"type":"if","locations":[{"start":{"line":97,"column":8},"end":{"line":99,"column":9}},{"start":{},"end":{}}],"line":97}},"s":{"0":5,"1":5,"2":1,"3":1,"4":1,"5":1,"6":1,"7":1,"8":0,"9":5,"10":0,"11":0,"12":0,"13":0,"14":0,"15":0,"16":0,"17":0,"18":0,"19":0,"20":0,"21":0,"22":5,"23":0,"24":0,"25":0,"26":0,"27":0,"28":5,"29":1,"30":1,"31":1,"32":1,"33":1,"34":0,"35":1,"36":0,"37":0,"38":0,"39":1},"f":{"0":1,"1":1,"2":0,"3":0,"4":1},"b":{"0":[1,1],"1":[0,0],"2":[0,0],"3":[0,0],"4":[0,0],"5":[0,1],"6":[0,0]},"_coverageSchema":"1a1c01bbd47fc00a2c39e90264f33305004495a9","hash":"fcc9456a1aa76b460cded6e4aa3af8784b2f6240"}
,"C:\\Users\\cmedg\\Desktop\\SHIRTFINDER\\ShirtFinder\\backend\\controllers\\favoriteController.js": {"path":"C:\\Users\\cmedg\\Desktop\\SHIRTFINDER\\ShirtFinder\\backend\\controllers\\favoriteController.js","statementMap":{"0":{"start":{"line":2,"column":0},"end":{"line":6,"column":1}},"1":{"start":{"line":3,"column":2},"end":{"line":3,"column":33}},"2":{"start":{"line":5,"column":2},"end":{"line":5,"column":39}},"3":{"start":{"line":8,"column":11},"end":{"line":8,"column":77}},"4":{"start":{"line":10,"column":20},"end":{"line":24,"column":1}},"5":{"start":{"line":11,"column":2},"end":{"line":23,"column":3}},"6":{"start":{"line":12,"column":19},"end":{"line":12,"column":31}},"7":{"start":{"line":13,"column":20},"end":{"line":13,"column":46}},"8":{"start":{"line":14,"column":4},"end":{"line":14,"column":105}},"9":{"start":{"line":14,"column":29},"end":{"line":14,"column":105}},"10":{"start":{"line":16,"column":4},"end":{"line":16,"column":110}},"11":{"start":{"line":17,"column":4},"end":{"line":17,"column":64}},"12":{"start":{"line":19,"column":4},"end":{"line":21,"column":5}},"13":{"start":{"line":20,"column":6},"end":{"line":20,"column":75}},"14":{"start":{"line":22,"column":4},"end":{"line":22,"column":76}},"15":{"start":{"line":26,"column":23},"end":{"line":37,"column":1}},"16":{"start":{"line":27,"column":2},"end":{"line":36,"column":3}},"17":{"start":{"line":28,"column":19},"end":{"line":28,"column":31}},"18":{"start":{"line":29,"column":20},"end":{"line":29,"column":46}},"19":{"start":{"line":30,"column":4},"end":{"line":30,"column":105}},"20":{"start":{"line":30,"column":29},"end":{"line":30,"column":105}},"21":{"start":{"line":32,"column":4},"end":{"line":32,"column":98}},"22":{"start":{"line":33,"column":4},"end":{"line":33,"column":67}},"23":{"start":{"line":35,"column":4},"end":{"line":35,"column":76}},"24":{"start":{"line":39,"column":25},"end":{"line":57,"column":1}},"25":{"start":{"line":40,"column":2},"end":{"line":56,"column":3}},"26":{"start":{"line":41,"column":19},"end":{"line":41,"column":31}},"27":{"start":{"line":42,"column":4},"end":{"line":42,"column":37}},"28":{"start":{"line":42,"column":17},"end":{"line":42,"column":37}},"29":{"start":{"line":44,"column":19},"end":{"line":51,"column":5}},"30":{"start":{"line":53,"column":4},"end":{"line":53,"column":25}},"31":{"start":{"line":55,"column":4},"end":{"line":55,"column":29}},"32":{"start":{"line":59,"column":22},"end":{"line":74,"column":1}},"33":{"start":{"line":60,"column":2},"end":{"line":73,"column":3}},"34":{"start":{"line":61,"column":19},"end":{"line":61,"column":31}},"35":{"start":{"line":62,"column":20},"end":{"line":62,"column":46}},"36":{"start":{"line":63,"column":4},"end":{"line":63,"column":68}},"37":{"start":{"line":63,"column":29},"end":{"line":63,"column":68}},"38":{"start":{"line":65,"column":19},"end":{"line":68,"column":5}},"39":{"start":{"line":70,"column":4},"end":{"line":70,"column":54}},"40":{"start":{"line":72,"column":4},"end":{"line":72,"column":36}},"41":{"start":{"line":76,"column":0},"end":{"line":76,"column":82}}},"fnMap":{"0":{"name":"(anonymous_0)","decl":{"start":{"line":10,"column":20},"end":{"line":10,"column":21}},"loc":{"start":{"line":10,"column":40},"end":{"line":24,"column":1}},"line":10},"1":{"name":"(anonymous_1)","decl":{"start":{"line":26,"column":23},"end":{"line":26,"column":24}},"loc":{"start":{"line":26,"column":43},"end":{"line":37,"column":1}},"line":26},"2":{"name":"(anonymous_2)","decl":{"start":{"line":39,"column":25},"end":{"line":39,"column":26}},"loc":{"start":{"line":39,"column":45},"end":{"line":57,"column":1}},"line":39},"3":{"name":"(anonymous_3)","decl":{"start":{"line":59,"column":22},"end":{"line":59,"column":23}},"loc":{"start":{"line":59,"column":42},"end":{"line":74,"column":1}},"line":59}},"branchMap":{"0":{"loc":{"start":{"line":8,"column":11},"end":{"line":8,"column":77}},"type":"cond-expr","locations":[{"start":{"line":8,"column":56},"end":{"line":8,"column":70}},{"start":{"line":8,"column":73},"end":{"line":8,"column":77}}],"line":8},"1":{"loc":{"start":{"line":8,"column":11},"end":{"line":8,"column":53}},"type":"binary-expr","locations":[{"start":{"line":8,"column":11},"end":{"line":8,"column":15}},{"start":{"line":8,"column":19},"end":{"line":8,"column":53}}],"line":8},"2":{"loc":{"start":{"line":14,"column":4},"end":{"line":14,"column":105}},"type":"if","locations":[{"start":{"line":14,"column":4},"end":{"line":14,"column":105}},{"start":{},"end":{}}],"line":14},"3":{"loc":{"start":{"line":14,"column":8},"end":{"line":14,"column":27}},"type":"binary-expr","locations":[{"start":{"line":14,"column":8},"end":{"line":14,"column":15}},{"start":{"line":14,"column":19},"end":{"line":14,"column":27}}],"line":14},"4":{"loc":{"start":{"line":19,"column":4},"end":{"line":21,"column":5}},"type":"if","locations":[{"start":{"line":19,"column":4},"end":{"line":21,"column":5}},{"start":{},"end":{}}],"line":19},"5":{"loc":{"start":{"line":19,"column":8},"end":{"line":19,"column":66}},"type":"binary-expr","locations":[{"start":{"line":19,"column":8},"end":{"line":19,"column":11}},{"start":{"line":19,"column":16},"end":{"line":19,"column":43}},{"start":{"line":19,"column":47},"end":{"line":19,"column":65}}],"line":19},"6":{"loc":{"start":{"line":30,"column":4},"end":{"line":30,"column":105}},"type":"if","locations":[{"start":{"line":30,"column":4},"end":{"line":30,"column":105}},{"start":{},"end":{}}],"line":30},"7":{"loc":{"start":{"line":30,"column":8},"end":{"line":30,"column":27}},"type":"binary-expr","locations":[{"start":{"line":30,"column":8},"end":{"line":30,"column":15}},{"start":{"line":30,"column":19},"end":{"line":30,"column":27}}],"line":30},"8":{"loc":{"start":{"line":42,"column":4},"end":{"line":42,"column":37}},"type":"if","locations":[{"start":{"line":42,"column":4},"end":{"line":42,"column":37}},{"start":{},"end":{}}],"line":42},"9":{"loc":{"start":{"line":53,"column":13},"end":{"line":53,"column":23}},"type":"binary-expr","locations":[{"start":{"line":53,"column":13},"end":{"line":53,"column":17}},{"start":{"line":53,"column":21},"end":{"line":53,"column":23}}],"line":53},"10":{"loc":{"start":{"line":63,"column":4},"end":{"line":63,"column":68}},"type":"if","locations":[{"start":{"line":63,"column":4},"end":{"line":63,"column":68}},{"start":{},"end":{}}],"line":63},"11":{"loc":{"start":{"line":63,"column":8},"end":{"line":63,"column":27}},"type":"binary-expr","locations":[{"start":{"line":63,"column":8},"end":{"line":63,"column":15}},{"start":{"line":63,"column":19},"end":{"line":63,"column":27}}],"line":63},"12":{"loc":{"start":{"line":70,"column":28},"end":{"line":70,"column":38}},"type":"binary-expr","locations":[{"start":{"line":70,"column":28},"end":{"line":70,"column":32}},{"start":{"line":70,"column":36},"end":{"line":70,"column":38}}],"line":70}},"s":{"0":5,"1":5,"2":0,"3":5,"4":5,"5":0,"6":0,"7":0,"8":0,"9":0,"10":0,"11":0,"12":0,"13":0,"14":0,"15":5,"16":1,"17":1,"18":1,"19":1,"20":0,"21":1,"22":1,"23":0,"24":5,"25":1,"26":1,"27":1,"28":0,"29":1,"30":1,"31":0,"32":5,"33":0,"34":0,"35":0,"36":0,"37":0,"38":0,"39":0,"40":0,"41":5},"f":{"0":0,"1":1,"2":1,"3":0},"b":{"0":[0,5],"1":[5,5],"2":[0,0],"3":[0,0],"4":[0,0],"5":[0,0,0],"6":[0,1],"7":[1,1],"8":[0,1],"9":[1,0],"10":[0,0],"11":[0,0],"12":[0,0]},"_coverageSchema":"1a1c01bbd47fc00a2c39e90264f33305004495a9","hash":"931e81b8e1039320b937f2bfc1f4d9d5e711e8d1"}
,"C:\\Users\\cmedg\\Desktop\\SHIRTFINDER\\ShirtFinder\\backend\\controllers\\postController.js": {"path":"C:\\Users\\cmedg\\Desktop\\SHIRTFINDER\\ShirtFinder\\backend\\controllers\\postController.js","statementMap":{"0":{"start":{"line":1,"column":13},"end":{"line":1,"column":36}},"1":{"start":{"line":3,"column":0},"end":{"line":33,"column":2}},"2":{"start":{"line":4,"column":4},"end":{"line":32,"column":5}},"3":{"start":{"line":5,"column":49},"end":{"line":5,"column":58}},"4":{"start":{"line":6,"column":20},"end":{"line":6,"column":56}},"5":{"start":{"line":8,"column":26},"end":{"line":8,"column":47}},"6":{"start":{"line":9,"column":8},"end":{"line":9,"column":100}},"7":{"start":{"line":9,"column":61},"end":{"line":9,"column":100}},"8":{"start":{"line":11,"column":26},"end":{"line":11,"column":28}},"9":{"start":{"line":12,"column":23},"end":{"line":12,"column":25}},"10":{"start":{"line":13,"column":8},"end":{"line":16,"column":9}},"11":{"start":{"line":14,"column":12},"end":{"line":14,"column":49}},"12":{"start":{"line":15,"column":12},"end":{"line":15,"column":34}},"13":{"start":{"line":18,"column":24},"end":{"line":27,"column":9}},"14":{"start":{"line":29,"column":8},"end":{"line":29,"column":49}},"15":{"start":{"line":31,"column":8},"end":{"line":31,"column":71}},"16":{"start":{"line":35,"column":0},"end":{"line":55,"column":2}},"17":{"start":{"line":36,"column":4},"end":{"line":54,"column":5}},"18":{"start":{"line":37,"column":45},"end":{"line":37,"column":53}},"19":{"start":{"line":38,"column":23},"end":{"line":38,"column":34}},"20":{"start":{"line":40,"column":8},"end":{"line":42,"column":9}},"21":{"start":{"line":41,"column":12},"end":{"line":41,"column":108}},"22":{"start":{"line":44,"column":30},"end":{"line":44,"column":85}},"23":{"start":{"line":46,"column":25},"end":{"line":49,"column":9}},"24":{"start":{"line":51,"column":8},"end":{"line":51,"column":79}},"25":{"start":{"line":53,"column":8},"end":{"line":53,"column":71}},"26":{"start":{"line":57,"column":0},"end":{"line":78,"column":2}},"27":{"start":{"line":58,"column":4},"end":{"line":77,"column":5}},"28":{"start":{"line":59,"column":23},"end":{"line":59,"column":33}},"29":{"start":{"line":61,"column":23},"end":{"line":68,"column":9}},"30":{"start":{"line":70,"column":8},"end":{"line":72,"column":9}},"31":{"start":{"line":71,"column":12},"end":{"line":71,"column":91}},"32":{"start":{"line":74,"column":8},"end":{"line":74,"column":51}},"33":{"start":{"line":76,"column":8},"end":{"line":76,"column":71}},"34":{"start":{"line":80,"column":0},"end":{"line":98,"column":2}},"35":{"start":{"line":81,"column":4},"end":{"line":97,"column":5}},"36":{"start":{"line":82,"column":23},"end":{"line":82,"column":33}},"37":{"start":{"line":84,"column":23},"end":{"line":92,"column":9}},"38":{"start":{"line":94,"column":8},"end":{"line":94,"column":48}},"39":{"start":{"line":96,"column":8},"end":{"line":96,"column":71}},"40":{"start":{"line":100,"column":0},"end":{"line":129,"column":2}},"41":{"start":{"line":101,"column":4},"end":{"line":128,"column":5}},"42":{"start":{"line":102,"column":23},"end":{"line":102,"column":33}},"43":{"start":{"line":103,"column":28},"end":{"line":103,"column":36}},"44":{"start":{"line":104,"column":23},"end":{"line":104,"column":34}},"45":{"start":{"line":106,"column":8},"end":{"line":108,"column":9}},"46":{"start":{"line":107,"column":12},"end":{"line":107,"column":106}},"47":{"start":{"line":110,"column":25},"end":{"line":113,"column":9}},"48":{"start":{"line":115,"column":8},"end":{"line":115,"column":98}},"49":{"start":{"line":117,"column":23},"end":{"line":123,"column":9}},"50":{"start":{"line":125,"column":8},"end":{"line":125,"column":64}},"51":{"start":{"line":127,"column":8},"end":{"line":127,"column":71}},"52":{"start":{"line":131,"column":0},"end":{"line":147,"column":2}},"53":{"start":{"line":132,"column":4},"end":{"line":146,"column":5}},"54":{"start":{"line":133,"column":23},"end":{"line":133,"column":34}},"55":{"start":{"line":135,"column":23},"end":{"line":141,"column":9}},"56":{"start":{"line":143,"column":8},"end":{"line":143,"column":48}},"57":{"start":{"line":145,"column":8},"end":{"line":145,"column":71}},"58":{"start":{"line":149,"column":0},"end":{"line":165,"column":2}},"59":{"start":{"line":150,"column":4},"end":{"line":164,"column":5}},"60":{"start":{"line":151,"column":23},"end":{"line":151,"column":33}},"61":{"start":{"line":152,"column":23},"end":{"line":152,"column":34}},"62":{"start":{"line":154,"column":23},"end":{"line":154,"column":87}},"63":{"start":{"line":155,"column":8},"end":{"line":155,"column":110}},"64":{"start":{"line":155,"column":31},"end":{"line":155,"column":110}},"65":{"start":{"line":156,"column":8},"end":{"line":156,"column":114}},"66":{"start":{"line":156,"column":40},"end":{"line":156,"column":114}},"67":{"start":{"line":158,"column":8},"end":{"line":158,"column":72}},"68":{"start":{"line":159,"column":8},"end":{"line":159,"column":65}},"69":{"start":{"line":161,"column":8},"end":{"line":161,"column":36}},"70":{"start":{"line":163,"column":8},"end":{"line":163,"column":71}}},"fnMap":{"0":{"name":"(anonymous_0)","decl":{"start":{"line":3,"column":19},"end":{"line":3,"column":20}},"loc":{"start":{"line":3,"column":39},"end":{"line":33,"column":1}},"line":3},"1":{"name":"(anonymous_1)","decl":{"start":{"line":35,"column":21},"end":{"line":35,"column":22}},"loc":{"start":{"line":35,"column":41},"end":{"line":55,"column":1}},"line":35},"2":{"name":"(anonymous_2)","decl":{"start":{"line":57,"column":22},"end":{"line":57,"column":23}},"loc":{"start":{"line":57,"column":42},"end":{"line":78,"column":1}},"line":57},"3":{"name":"(anonymous_3)","decl":{"start":{"line":80,"column":21},"end":{"line":80,"column":22}},"loc":{"start":{"line":80,"column":41},"end":{"line":98,"column":1}},"line":80},"4":{"name":"(anonymous_4)","decl":{"start":{"line":100,"column":22},"end":{"line":100,"column":23}},"loc":{"start":{"line":100,"column":42},"end":{"line":129,"column":1}},"line":100},"5":{"name":"(anonymous_5)","decl":{"start":{"line":131,"column":23},"end":{"line":131,"column":24}},"loc":{"start":{"line":131,"column":43},"end":{"line":147,"column":1}},"line":131},"6":{"name":"(anonymous_6)","decl":{"start":{"line":149,"column":21},"end":{"line":149,"column":22}},"loc":{"start":{"line":149,"column":41},"end":{"line":165,"column":1}},"line":149}},"branchMap":{"0":{"loc":{"start":{"line":6,"column":20},"end":{"line":6,"column":56}},"type":"cond-expr","locations":[{"start":{"line":6,"column":42},"end":{"line":6,"column":47}},{"start":{"line":6,"column":50},"end":{"line":6,"column":56}}],"line":6},"1":{"loc":{"start":{"line":9,"column":8},"end":{"line":9,"column":100}},"type":"if","locations":[{"start":{"line":9,"column":8},"end":{"line":9,"column":100}},{"start":{},"end":{}}],"line":9},"2":{"loc":{"start":{"line":9,"column":12},"end":{"line":9,"column":59}},"type":"binary-expr","locations":[{"start":{"line":9,"column":12},"end":{"line":9,"column":34}},{"start":{"line":9,"column":38},"end":{"line":9,"column":59}}],"line":9},"3":{"loc":{"start":{"line":13,"column":8},"end":{"line":16,"column":9}},"type":"if","locations":[{"start":{"line":13,"column":8},"end":{"line":16,"column":9}},{"start":{},"end":{}}],"line":13},"4":{"loc":{"start":{"line":40,"column":8},"end":{"line":42,"column":9}},"type":"if","locations":[{"start":{"line":40,"column":8},"end":{"line":42,"column":9}},{"start":{},"end":{}}],"line":40},"5":{"loc":{"start":{"line":40,"column":12},"end":{"line":40,"column":30}},"type":"binary-expr","locations":[{"start":{"line":40,"column":12},"end":{"line":40,"column":18}},{"start":{"line":40,"column":22},"end":{"line":40,"column":30}}],"line":40},"6":{"loc":{"start":{"line":44,"column":30},"end":{"line":44,"column":85}},"type":"cond-expr","locations":[{"start":{"line":44,"column":41},"end":{"line":44,"column":78}},{"start":{"line":44,"column":81},"end":{"line":44,"column":85}}],"line":44},"7":{"loc":{"start":{"line":48,"column":29},"end":{"line":48,"column":50}},"type":"binary-expr","locations":[{"start":{"line":48,"column":29},"end":{"line":48,"column":37}},{"start":{"line":48,"column":41},"end":{"line":48,"column":50}}],"line":48},"8":{"loc":{"start":{"line":70,"column":8},"end":{"line":72,"column":9}},"type":"if","locations":[{"start":{"line":70,"column":8},"end":{"line":72,"column":9}},{"start":{},"end":{}}],"line":70},"9":{"loc":{"start":{"line":106,"column":8},"end":{"line":108,"column":9}},"type":"if","locations":[{"start":{"line":106,"column":8},"end":{"line":108,"column":9}},{"start":{},"end":{}}],"line":106},"10":{"loc":{"start":{"line":106,"column":12},"end":{"line":106,"column":39}},"type":"binary-expr","locations":[{"start":{"line":106,"column":12},"end":{"line":106,"column":20}},{"start":{"line":106,"column":24},"end":{"line":106,"column":39}}],"line":106},"11":{"loc":{"start":{"line":155,"column":8},"end":{"line":155,"column":110}},"type":"if","locations":[{"start":{"line":155,"column":8},"end":{"line":155,"column":110}},{"start":{},"end":{}}],"line":155},"12":{"loc":{"start":{"line":156,"column":8},"end":{"line":156,"column":114}},"type":"if","locations":[{"start":{"line":156,"column":8},"end":{"line":156,"column":114}},{"start":{},"end":{}}],"line":156}},"s":{"0":5,"1":5,"2":1,"3":1,"4":1,"5":1,"6":1,"7":0,"8":1,"9":1,"10":1,"11":0,"12":0,"13":1,"14":1,"15":0,"16":5,"17":2,"18":2,"19":2,"20":2,"21":1,"22":1,"23":1,"24":1,"25":0,"26":5,"27":2,"28":2,"29":2,"30":2,"31":1,"32":1,"33":0,"34":5,"35":0,"36":0,"37":0,"38":0,"39":0,"40":5,"41":0,"42":0,"43":0,"44":0,"45":0,"46":0,"47":0,"48":0,"49":0,"50":0,"51":0,"52":5,"53":0,"54":0,"55":0,"56":0,"57":0,"58":5,"59":2,"60":2,"61":2,"62":2,"63":2,"64":0,"65":2,"66":1,"67":1,"68":1,"69":1,"70":0},"f":{"0":1,"1":2,"2":2,"3":0,"4":0,"5":0,"6":2},"b":{"0":[0,1],"1":[0,1],"2":[1,1],"3":[0,1],"4":[1,1],"5":[2,2],"6":[0,1],"7":[1,0],"8":[1,1],"9":[0,0],"10":[0,0],"11":[0,2],"12":[1,1]},"_coverageSchema":"1a1c01bbd47fc00a2c39e90264f33305004495a9","hash":"2c5a4baa46584af5d630eb06ecdb45efcc17d14e"}
,"C:\\Users\\cmedg\\Desktop\\SHIRTFINDER\\ShirtFinder\\backend\\controllers\\shirtController.js": {"path":"C:\\Users\\cmedg\\Desktop\\SHIRTFINDER\\ShirtFinder\\backend\\controllers\\shirtController.js","statementMap":{"0":{"start":{"line":1,"column":13},"end":{"line":1,"column":36}},"1":{"start":{"line":3,"column":0},"end":{"line":95,"column":2}},"2":{"start":{"line":4,"column":2},"end":{"line":94,"column":3}},"3":{"start":{"line":5,"column":89},"end":{"line":5,"column":98}},"4":{"start":{"line":7,"column":16},"end":{"line":16,"column":5}},"5":{"start":{"line":18,"column":19},"end":{"line":18,"column":21}},"6":{"start":{"line":20,"column":4},"end":{"line":24,"column":5}},"7":{"start":{"line":21,"column":21},"end":{"line":21,"column":37}},"8":{"start":{"line":22,"column":6},"end":{"line":22,"column":70}},"9":{"start":{"line":22,"column":52},"end":{"line":22,"column":55}},"10":{"start":{"line":23,"column":6},"end":{"line":23,"column":29}},"11":{"start":{"line":26,"column":4},"end":{"line":30,"column":5}},"12":{"start":{"line":27,"column":22},"end":{"line":27,"column":39}},"13":{"start":{"line":28,"column":6},"end":{"line":28,"column":72}},"14":{"start":{"line":28,"column":54},"end":{"line":28,"column":57}},"15":{"start":{"line":29,"column":6},"end":{"line":29,"column":30}},"16":{"start":{"line":32,"column":4},"end":{"line":36,"column":5}},"17":{"start":{"line":33,"column":22},"end":{"line":33,"column":39}},"18":{"start":{"line":34,"column":6},"end":{"line":34,"column":72}},"19":{"start":{"line":34,"column":54},"end":{"line":34,"column":57}},"20":{"start":{"line":35,"column":6},"end":{"line":35,"column":30}},"21":{"start":{"line":38,"column":4},"end":{"line":42,"column":5}},"22":{"start":{"line":39,"column":20},"end":{"line":39,"column":35}},"23":{"start":{"line":40,"column":6},"end":{"line":40,"column":68}},"24":{"start":{"line":40,"column":50},"end":{"line":40,"column":53}},"25":{"start":{"line":41,"column":6},"end":{"line":41,"column":28}},"26":{"start":{"line":44,"column":4},"end":{"line":48,"column":5}},"27":{"start":{"line":45,"column":23},"end":{"line":45,"column":41}},"28":{"start":{"line":46,"column":6},"end":{"line":46,"column":74}},"29":{"start":{"line":46,"column":56},"end":{"line":46,"column":59}},"30":{"start":{"line":47,"column":6},"end":{"line":47,"column":31}},"31":{"start":{"line":50,"column":4},"end":{"line":53,"column":5}},"32":{"start":{"line":51,"column":6},"end":{"line":51,"column":35}},"33":{"start":{"line":52,"column":6},"end":{"line":52,"column":40}},"34":{"start":{"line":55,"column":4},"end":{"line":58,"column":5}},"35":{"start":{"line":56,"column":6},"end":{"line":56,"column":35}},"36":{"start":{"line":57,"column":6},"end":{"line":57,"column":40}},"37":{"start":{"line":60,"column":4},"end":{"line":60,"column":37}},"38":{"start":{"line":62,"column":4},"end":{"line":65,"column":5}},"39":{"start":{"line":63,"column":6},"end":{"line":63,"column":45}},"40":{"start":{"line":64,"column":6},"end":{"line":64,"column":36}},"41":{"start":{"line":67,"column":4},"end":{"line":77,"column":5}},"42":{"start":{"line":68,"column":6},"end":{"line":68,"column":39}},"43":{"start":{"line":69,"column":11},"end":{"line":77,"column":5}},"44":{"start":{"line":70,"column":6},"end":{"line":70,"column":40}},"45":{"start":{"line":71,"column":11},"end":{"line":77,"column":5}},"46":{"start":{"line":72,"column":6},"end":{"line":72,"column":45}},"47":{"start":{"line":73,"column":11},"end":{"line":77,"column":5}},"48":{"start":{"line":74,"column":6},"end":{"line":74,"column":38}},"49":{"start":{"line":76,"column":6},"end":{"line":76,"column":45}},"50":{"start":{"line":79,"column":19},"end":{"line":79,"column":50}},"51":{"start":{"line":81,"column":29},"end":{"line":85,"column":7}},"52":{"start":{"line":81,"column":48},"end":{"line":85,"column":5}},"53":{"start":{"line":87,"column":4},"end":{"line":91,"column":7}},"54":{"start":{"line":93,"column":4},"end":{"line":93,"column":67}},"55":{"start":{"line":97,"column":0},"end":{"line":118,"column":2}},"56":{"start":{"line":98,"column":2},"end":{"line":117,"column":3}},"57":{"start":{"line":99,"column":19},"end":{"line":102,"column":5}},"58":{"start":{"line":104,"column":4},"end":{"line":109,"column":5}},"59":{"start":{"line":105,"column":6},"end":{"line":108,"column":9}},"60":{"start":{"line":111,"column":4},"end":{"line":114,"column":7}},"61":{"start":{"line":116,"column":4},"end":{"line":116,"column":67}},"62":{"start":{"line":120,"column":0},"end":{"line":139,"column":2}},"63":{"start":{"line":121,"column":2},"end":{"line":138,"column":3}},"64":{"start":{"line":122,"column":100},"end":{"line":122,"column":108}},"65":{"start":{"line":124,"column":21},"end":{"line":127,"column":5}},"66":{"start":{"line":129,"column":4},"end":{"line":135,"column":7}},"67":{"start":{"line":137,"column":4},"end":{"line":137,"column":67}},"68":{"start":{"line":141,"column":0},"end":{"line":164,"column":2}},"69":{"start":{"line":142,"column":2},"end":{"line":163,"column":3}},"70":{"start":{"line":143,"column":100},"end":{"line":143,"column":108}},"71":{"start":{"line":145,"column":21},"end":{"line":148,"column":5}},"72":{"start":{"line":150,"column":4},"end":{"line":155,"column":5}},"73":{"start":{"line":151,"column":6},"end":{"line":154,"column":9}},"74":{"start":{"line":157,"column":4},"end":{"line":160,"column":7}},"75":{"start":{"line":162,"column":4},"end":{"line":162,"column":67}},"76":{"start":{"line":166,"column":0},"end":{"line":187,"column":2}},"77":{"start":{"line":167,"column":2},"end":{"line":186,"column":3}},"78":{"start":{"line":168,"column":21},"end":{"line":171,"column":5}},"79":{"start":{"line":173,"column":4},"end":{"line":178,"column":5}},"80":{"start":{"line":174,"column":6},"end":{"line":177,"column":9}},"81":{"start":{"line":180,"column":4},"end":{"line":183,"column":7}},"82":{"start":{"line":185,"column":4},"end":{"line":185,"column":67}},"83":{"start":{"line":189,"column":0},"end":{"line":230,"column":2}},"84":{"start":{"line":190,"column":2},"end":{"line":229,"column":3}},"85":{"start":{"line":191,"column":18},"end":{"line":191,"column":27}},"86":{"start":{"line":193,"column":4},"end":{"line":198,"column":5}},"87":{"start":{"line":194,"column":6},"end":{"line":197,"column":9}},"88":{"start":{"line":200,"column":18},"end":{"line":211,"column":5}},"89":{"start":{"line":213,"column":23},"end":{"line":213,"column":31}},"90":{"start":{"line":214,"column":19},"end":{"line":214,"column":68}},"91":{"start":{"line":216,"column":29},"end":{"line":220,"column":7}},"92":{"start":{"line":216,"column":48},"end":{"line":220,"column":5}},"93":{"start":{"line":222,"column":4},"end":{"line":226,"column":7}},"94":{"start":{"line":228,"column":4},"end":{"line":228,"column":67}}},"fnMap":{"0":{"name":"(anonymous_0)","decl":{"start":{"line":3,"column":23},"end":{"line":3,"column":24}},"loc":{"start":{"line":3,"column":43},"end":{"line":95,"column":1}},"line":3},"1":{"name":"(anonymous_1)","decl":{"start":{"line":22,"column":46},"end":{"line":22,"column":47}},"loc":{"start":{"line":22,"column":52},"end":{"line":22,"column":55}},"line":22},"2":{"name":"(anonymous_2)","decl":{"start":{"line":28,"column":48},"end":{"line":28,"column":49}},"loc":{"start":{"line":28,"column":54},"end":{"line":28,"column":57}},"line":28},"3":{"name":"(anonymous_3)","decl":{"start":{"line":34,"column":48},"end":{"line":34,"column":49}},"loc":{"start":{"line":34,"column":54},"end":{"line":34,"column":57}},"line":34},"4":{"name":"(anonymous_4)","decl":{"start":{"line":40,"column":44},"end":{"line":40,"column":45}},"loc":{"start":{"line":40,"column":50},"end":{"line":40,"column":53}},"line":40},"5":{"name":"(anonymous_5)","decl":{"start":{"line":46,"column":50},"end":{"line":46,"column":51}},"loc":{"start":{"line":46,"column":56},"end":{"line":46,"column":59}},"line":46},"6":{"name":"(anonymous_6)","decl":{"start":{"line":81,"column":38},"end":{"line":81,"column":39}},"loc":{"start":{"line":81,"column":48},"end":{"line":85,"column":5}},"line":81},"7":{"name":"(anonymous_7)","decl":{"start":{"line":97,"column":23},"end":{"line":97,"column":24}},"loc":{"start":{"line":97,"column":43},"end":{"line":118,"column":1}},"line":97},"8":{"name":"(anonymous_8)","decl":{"start":{"line":120,"column":22},"end":{"line":120,"column":23}},"loc":{"start":{"line":120,"column":42},"end":{"line":139,"column":1}},"line":120},"9":{"name":"(anonymous_9)","decl":{"start":{"line":141,"column":22},"end":{"line":141,"column":23}},"loc":{"start":{"line":141,"column":42},"end":{"line":164,"column":1}},"line":141},"10":{"name":"(anonymous_10)","decl":{"start":{"line":166,"column":22},"end":{"line":166,"column":23}},"loc":{"start":{"line":166,"column":42},"end":{"line":187,"column":1}},"line":166},"11":{"name":"(anonymous_11)","decl":{"start":{"line":189,"column":23},"end":{"line":189,"column":24}},"loc":{"start":{"line":189,"column":43},"end":{"line":230,"column":1}},"line":189},"12":{"name":"(anonymous_12)","decl":{"start":{"line":216,"column":38},"end":{"line":216,"column":39}},"loc":{"start":{"line":216,"column":48},"end":{"line":220,"column":5}},"line":216}},"branchMap":{"0":{"loc":{"start":{"line":20,"column":4},"end":{"line":24,"column":5}},"type":"if","locations":[{"start":{"line":20,"column":4},"end":{"line":24,"column":5}},{"start":{},"end":{}}],"line":20},"1":{"loc":{"start":{"line":26,"column":4},"end":{"line":30,"column":5}},"type":"if","locations":[{"start":{"line":26,"column":4},"end":{"line":30,"column":5}},{"start":{},"end":{}}],"line":26},"2":{"loc":{"start":{"line":32,"column":4},"end":{"line":36,"column":5}},"type":"if","locations":[{"start":{"line":32,"column":4},"end":{"line":36,"column":5}},{"start":{},"end":{}}],"line":32},"3":{"loc":{"start":{"line":38,"column":4},"end":{"line":42,"column":5}},"type":"if","locations":[{"start":{"line":38,"column":4},"end":{"line":42,"column":5}},{"start":{},"end":{}}],"line":38},"4":{"loc":{"start":{"line":44,"column":4},"end":{"line":48,"column":5}},"type":"if","locations":[{"start":{"line":44,"column":4},"end":{"line":48,"column":5}},{"start":{},"end":{}}],"line":44},"5":{"loc":{"start":{"line":50,"column":4},"end":{"line":53,"column":5}},"type":"if","locations":[{"start":{"line":50,"column":4},"end":{"line":53,"column":5}},{"start":{},"end":{}}],"line":50},"6":{"loc":{"start":{"line":55,"column":4},"end":{"line":58,"column":5}},"type":"if","locations":[{"start":{"line":55,"column":4},"end":{"line":58,"column":5}},{"start":{},"end":{}}],"line":55},"7":{"loc":{"start":{"line":62,"column":4},"end":{"line":65,"column":5}},"type":"if","locations":[{"start":{"line":62,"column":4},"end":{"line":65,"column":5}},{"start":{},"end":{}}],"line":62},"8":{"loc":{"start":{"line":67,"column":4},"end":{"line":77,"column":5}},"type":"if","locations":[{"start":{"line":67,"column":4},"end":{"line":77,"column":5}},{"start":{"line":69,"column":11},"end":{"line":77,"column":5}}],"line":67},"9":{"loc":{"start":{"line":69,"column":11},"end":{"line":77,"column":5}},"type":"if","locations":[{"start":{"line":69,"column":11},"end":{"line":77,"column":5}},{"start":{"line":71,"column":11},"end":{"line":77,"column":5}}],"line":69},"10":{"loc":{"start":{"line":71,"column":11},"end":{"line":77,"column":5}},"type":"if","locations":[{"start":{"line":71,"column":11},"end":{"line":77,"column":5}},{"start":{"line":73,"column":11},"end":{"line":77,"column":5}}],"line":71},"11":{"loc":{"start":{"line":73,"column":11},"end":{"line":77,"column":5}},"type":"if","locations":[{"start":{"line":73,"column":11},"end":{"line":77,"column":5}},{"start":{"line":75,"column":11},"end":{"line":77,"column":5}}],"line":73},"12":{"loc":{"start":{"line":83,"column":22},"end":{"line":83,"column":59}},"type":"binary-expr","locations":[{"start":{"line":83,"column":22},"end":{"line":83,"column":54}},{"start":{"line":83,"column":58},"end":{"line":83,"column":59}}],"line":83},"13":{"loc":{"start":{"line":84,"column":21},"end":{"line":84,"column":55}},"type":"binary-expr","locations":[{"start":{"line":84,"column":21},"end":{"line":84,"column":50}},{"start":{"line":84,"column":54},"end":{"line":84,"column":55}}],"line":84},"14":{"loc":{"start":{"line":104,"column":4},"end":{"line":109,"column":5}},"type":"if","locations":[{"start":{"line":104,"column":4},"end":{"line":109,"column":5}},{"start":{},"end":{}}],"line":104},"15":{"loc":{"start":{"line":150,"column":4},"end":{"line":155,"column":5}},"type":"if","locations":[{"start":{"line":150,"column":4},"end":{"line":155,"column":5}},{"start":{},"end":{}}],"line":150},"16":{"loc":{"start":{"line":173,"column":4},"end":{"line":178,"column":5}},"type":"if","locations":[{"start":{"line":173,"column":4},"end":{"line":178,"column":5}},{"start":{},"end":{}}],"line":173},"17":{"loc":{"start":{"line":193,"column":4},"end":{"line":198,"column":5}},"type":"if","locations":[{"start":{"line":193,"column":4},"end":{"line":198,"column":5}},{"start":{},"end":{}}],"line":193},"18":{"loc":{"start":{"line":218,"column":22},"end":{"line":218,"column":59}},"type":"binary-expr","locations":[{"start":{"line":218,"column":22},"end":{"line":218,"column":54}},{"start":{"line":218,"column":58},"end":{"line":218,"column":59}}],"line":218},"19":{"loc":{"start":{"line":219,"column":21},"end":{"line":219,"column":55}},"type":"binary-expr","locations":[{"start":{"line":219,"column":21},"end":{"line":219,"column":50}},{"start":{"line":219,"column":54},"end":{"line":219,"column":55}}],"line":219}},"s":{"0":5,"1":5,"2":2,"3":2,"4":2,"5":2,"6":2,"7":0,"8":0,"9":0,"10":0,"11":2,"12":1,"13":1,"14":1,"15":1,"16":2,"17":0,"18":0,"19":0,"20":0,"21":2,"22":0,"23":0,"24":0,"25":0,"26":2,"27":0,"28":0,"29":0,"30":0,"31":2,"32":0,"33":0,"34":2,"35":0,"36":0,"37":2,"38":2,"39":0,"40":0,"41":2,"42":0,"43":2,"44":0,"45":2,"46":0,"47":2,"48":0,"49":2,"50":2,"51":2,"52":3,"53":2,"54":0,"55":5,"56":2,"57":2,"58":2,"59":1,"60":1,"61":0,"62":5,"63":0,"64":0,"65":0,"66":0,"67":0,"68":5,"69":0,"70":0,"71":0,"72":0,"73":0,"74":0,"75":0,"76":5,"77":0,"78":0,"79":0,"80":0,"81":0,"82":0,"83":5,"84":0,"85":0,"86":0,"87":0,"88":0,"89":0,"90":0,"91":0,"92":0,"93":0,"94":0},"f":{"0":2,"1":0,"2":1,"3":0,"4":0,"5":0,"6":3,"7":2,"8":0,"9":0,"10":0,"11":0,"12":0},"b":{"0":[0,2],"1":[1,1],"2":[0,2],"3":[0,2],"4":[0,2],"5":[0,2],"6":[0,2],"7":[0,2],"8":[0,2],"9":[0,2],"10":[0,2],"11":[0,2],"12":[3,3],"13":[3,3],"14":[1,1],"15":[0,0],"16":[0,0],"17":[0,0],"18":[0,0],"19":[0,0]},"_coverageSchema":"1a1c01bbd47fc00a2c39e90264f33305004495a9","hash":"95128bd5c39528f7f60732913b0d4161e6af20ca"}
,"C:\\Users\\cmedg\\Desktop\\SHIRTFINDER\\ShirtFinder\\backend\\controllers\\userController.js": {"path":"C:\\Users\\cmedg\\Desktop\\SHIRTFINDER\\ShirtFinder\\backend\\controllers\\userController.js","statementMap":{"0":{"start":{"line":1,"column":13},"end":{"line":1,"column":36}},"1":{"start":{"line":2,"column":15},"end":{"line":2,"column":32}},"2":{"start":{"line":3,"column":12},"end":{"line":3,"column":35}},"3":{"start":{"line":5,"column":0},"end":{"line":26,"column":2}},"4":{"start":{"line":6,"column":4},"end":{"line":25,"column":5}},"5":{"start":{"line":7,"column":23},"end":{"line":7,"column":34}},"6":{"start":{"line":9,"column":23},"end":{"line":16,"column":9}},"7":{"start":{"line":18,"column":8},"end":{"line":20,"column":9}},"8":{"start":{"line":19,"column":12},"end":{"line":19,"column":94}},"9":{"start":{"line":22,"column":8},"end":{"line":22,"column":51}},"10":{"start":{"line":24,"column":8},"end":{"line":24,"column":85}},"11":{"start":{"line":28,"column":0},"end":{"line":47,"column":2}},"12":{"start":{"line":29,"column":4},"end":{"line":46,"column":5}},"13":{"start":{"line":30,"column":23},"end":{"line":30,"column":34}},"14":{"start":{"line":32,"column":23},"end":{"line":41,"column":9}},"15":{"start":{"line":43,"column":8},"end":{"line":43,"column":48}},"16":{"start":{"line":45,"column":8},"end":{"line":45,"column":90}},"17":{"start":{"line":49,"column":0},"end":{"line":67,"column":2}},"18":{"start":{"line":50,"column":4},"end":{"line":66,"column":5}},"19":{"start":{"line":51,"column":23},"end":{"line":51,"column":34}},"20":{"start":{"line":53,"column":23},"end":{"line":61,"column":9}},"21":{"start":{"line":63,"column":8},"end":{"line":63,"column":48}},"22":{"start":{"line":65,"column":8},"end":{"line":65,"column":88}},"23":{"start":{"line":69,"column":0},"end":{"line":88,"column":2}},"24":{"start":{"line":70,"column":4},"end":{"line":87,"column":5}},"25":{"start":{"line":71,"column":32},"end":{"line":71,"column":40}},"26":{"start":{"line":72,"column":23},"end":{"line":72,"column":34}},"27":{"start":{"line":74,"column":8},"end":{"line":76,"column":9}},"28":{"start":{"line":75,"column":12},"end":{"line":75,"column":103}},"29":{"start":{"line":78,"column":25},"end":{"line":78,"column":105}},"30":{"start":{"line":79,"column":8},"end":{"line":81,"column":9}},"31":{"start":{"line":80,"column":12},"end":{"line":80,"column":100}},"32":{"start":{"line":83,"column":8},"end":{"line":83,"column":100}},"33":{"start":{"line":84,"column":8},"end":{"line":84,"column":67}},"34":{"start":{"line":86,"column":8},"end":{"line":86,"column":73}},"35":{"start":{"line":90,"column":0},"end":{"line":115,"column":2}},"36":{"start":{"line":91,"column":4},"end":{"line":114,"column":5}},"37":{"start":{"line":92,"column":29},"end":{"line":92,"column":37}},"38":{"start":{"line":93,"column":23},"end":{"line":93,"column":34}},"39":{"start":{"line":95,"column":8},"end":{"line":97,"column":9}},"40":{"start":{"line":96,"column":12},"end":{"line":96,"column":88}},"41":{"start":{"line":99,"column":26},"end":{"line":99,"column":98}},"42":{"start":{"line":100,"column":8},"end":{"line":102,"column":9}},"43":{"start":{"line":101,"column":12},"end":{"line":101,"column":100}},"44":{"start":{"line":104,"column":25},"end":{"line":104,"column":99}},"45":{"start":{"line":105,"column":8},"end":{"line":107,"column":9}},"46":{"start":{"line":106,"column":12},"end":{"line":106,"column":88}},"47":{"start":{"line":109,"column":8},"end":{"line":109,"column":94}},"48":{"start":{"line":110,"column":22},"end":{"line":110,"column":108}},"49":{"start":{"line":111,"column":8},"end":{"line":111,"column":43}},"50":{"start":{"line":113,"column":8},"end":{"line":113,"column":73}},"51":{"start":{"line":117,"column":0},"end":{"line":138,"column":2}},"52":{"start":{"line":118,"column":4},"end":{"line":137,"column":5}},"53":{"start":{"line":119,"column":49},"end":{"line":119,"column":57}},"54":{"start":{"line":120,"column":23},"end":{"line":120,"column":34}},"55":{"start":{"line":122,"column":8},"end":{"line":124,"column":9}},"56":{"start":{"line":123,"column":12},"end":{"line":123,"column":92}},"57":{"start":{"line":126,"column":23},"end":{"line":126,"column":98}},"58":{"start":{"line":127,"column":22},"end":{"line":127,"column":77}},"59":{"start":{"line":128,"column":8},"end":{"line":130,"column":9}},"60":{"start":{"line":129,"column":12},"end":{"line":129,"column":101}},"61":{"start":{"line":132,"column":23},"end":{"line":132,"column":57}},"62":{"start":{"line":133,"column":8},"end":{"line":133,"column":95}},"63":{"start":{"line":134,"column":8},"end":{"line":134,"column":71}},"64":{"start":{"line":136,"column":8},"end":{"line":136,"column":73}},"65":{"start":{"line":140,"column":0},"end":{"line":153,"column":2}},"66":{"start":{"line":141,"column":4},"end":{"line":152,"column":5}},"67":{"start":{"line":142,"column":23},"end":{"line":142,"column":34}},"68":{"start":{"line":143,"column":8},"end":{"line":145,"column":9}},"69":{"start":{"line":144,"column":12},"end":{"line":144,"column":99}},"70":{"start":{"line":147,"column":26},"end":{"line":147,"column":65}},"71":{"start":{"line":148,"column":8},"end":{"line":148,"column":100}},"72":{"start":{"line":149,"column":8},"end":{"line":149,"column":47}},"73":{"start":{"line":151,"column":8},"end":{"line":151,"column":73}},"74":{"start":{"line":155,"column":0},"end":{"line":165,"column":2}},"75":{"start":{"line":156,"column":4},"end":{"line":164,"column":5}},"76":{"start":{"line":157,"column":23},"end":{"line":157,"column":34}},"77":{"start":{"line":158,"column":8},"end":{"line":158,"column":77}},"78":{"start":{"line":159,"column":8},"end":{"line":159,"column":78}},"79":{"start":{"line":160,"column":8},"end":{"line":160,"column":75}},"80":{"start":{"line":161,"column":8},"end":{"line":161,"column":36}},"81":{"start":{"line":163,"column":8},"end":{"line":163,"column":73}}},"fnMap":{"0":{"name":"(anonymous_0)","decl":{"start":{"line":5,"column":21},"end":{"line":5,"column":22}},"loc":{"start":{"line":5,"column":41},"end":{"line":26,"column":1}},"line":5},"1":{"name":"(anonymous_1)","decl":{"start":{"line":28,"column":26},"end":{"line":28,"column":27}},"loc":{"start":{"line":28,"column":46},"end":{"line":47,"column":1}},"line":28},"2":{"name":"(anonymous_2)","decl":{"start":{"line":49,"column":27},"end":{"line":49,"column":28}},"loc":{"start":{"line":49,"column":47},"end":{"line":67,"column":1}},"line":49},"3":{"name":"(anonymous_3)","decl":{"start":{"line":69,"column":25},"end":{"line":69,"column":26}},"loc":{"start":{"line":69,"column":45},"end":{"line":88,"column":1}},"line":69},"4":{"name":"(anonymous_4)","decl":{"start":{"line":90,"column":22},"end":{"line":90,"column":23}},"loc":{"start":{"line":90,"column":42},"end":{"line":115,"column":1}},"line":90},"5":{"name":"(anonymous_5)","decl":{"start":{"line":117,"column":25},"end":{"line":117,"column":26}},"loc":{"start":{"line":117,"column":45},"end":{"line":138,"column":1}},"line":117},"6":{"name":"(anonymous_6)","decl":{"start":{"line":140,"column":23},"end":{"line":140,"column":24}},"loc":{"start":{"line":140,"column":43},"end":{"line":153,"column":1}},"line":140},"7":{"name":"(anonymous_7)","decl":{"start":{"line":155,"column":24},"end":{"line":155,"column":25}},"loc":{"start":{"line":155,"column":44},"end":{"line":165,"column":1}},"line":155}},"branchMap":{"0":{"loc":{"start":{"line":18,"column":8},"end":{"line":20,"column":9}},"type":"if","locations":[{"start":{"line":18,"column":8},"end":{"line":20,"column":9}},{"start":{},"end":{}}],"line":18},"1":{"loc":{"start":{"line":74,"column":8},"end":{"line":76,"column":9}},"type":"if","locations":[{"start":{"line":74,"column":8},"end":{"line":76,"column":9}},{"start":{},"end":{}}],"line":74},"2":{"loc":{"start":{"line":74,"column":12},"end":{"line":74,"column":53}},"type":"binary-expr","locations":[{"start":{"line":74,"column":12},"end":{"line":74,"column":24}},{"start":{"line":74,"column":28},"end":{"line":74,"column":53}}],"line":74},"3":{"loc":{"start":{"line":79,"column":8},"end":{"line":81,"column":9}},"type":"if","locations":[{"start":{"line":79,"column":8},"end":{"line":81,"column":9}},{"start":{},"end":{}}],"line":79},"4":{"loc":{"start":{"line":95,"column":8},"end":{"line":97,"column":9}},"type":"if","locations":[{"start":{"line":95,"column":8},"end":{"line":97,"column":9}},{"start":{},"end":{}}],"line":95},"5":{"loc":{"start":{"line":95,"column":12},"end":{"line":95,"column":69}},"type":"binary-expr","locations":[{"start":{"line":95,"column":12},"end":{"line":95,"column":21}},{"start":{"line":95,"column":25},"end":{"line":95,"column":69}}],"line":95},"6":{"loc":{"start":{"line":100,"column":8},"end":{"line":102,"column":9}},"type":"if","locations":[{"start":{"line":100,"column":8},"end":{"line":102,"column":9}},{"start":{},"end":{}}],"line":100},"7":{"loc":{"start":{"line":105,"column":8},"end":{"line":107,"column":9}},"type":"if","locations":[{"start":{"line":105,"column":8},"end":{"line":107,"column":9}},{"start":{},"end":{}}],"line":105},"8":{"loc":{"start":{"line":122,"column":8},"end":{"line":124,"column":9}},"type":"if","locations":[{"start":{"line":122,"column":8},"end":{"line":124,"column":9}},{"start":{},"end":{}}],"line":122},"9":{"loc":{"start":{"line":122,"column":12},"end":{"line":122,"column":50}},"type":"binary-expr","locations":[{"start":{"line":122,"column":12},"end":{"line":122,"column":24}},{"start":{"line":122,"column":28},"end":{"line":122,"column":50}}],"line":122},"10":{"loc":{"start":{"line":128,"column":8},"end":{"line":130,"column":9}},"type":"if","locations":[{"start":{"line":128,"column":8},"end":{"line":130,"column":9}},{"start":{},"end":{}}],"line":128},"11":{"loc":{"start":{"line":143,"column":8},"end":{"line":145,"column":9}},"type":"if","locations":[{"start":{"line":143,"column":8},"end":{"line":145,"column":9}},{"start":{},"end":{}}],"line":143}},"s":{"0":5,"1":5,"2":5,"3":5,"4":0,"5":0,"6":0,"7":0,"8":0,"9":0,"10":0,"11":5,"12":0,"13":0,"14":0,"15":0,"16":0,"17":5,"18":0,"19":0,"20":0,"21":0,"22":0,"23":5,"24":0,"25":0,"26":0,"27":0,"28":0,"29":0,"30":0,"31":0,"32":0,"33":0,"34":0,"35":5,"36":0,"37":0,"38":0,"39":0,"40":0,"41":0,"42":0,"43":0,"44":0,"45":0,"46":0,"47":0,"48":0,"49":0,"50":0,"51":5,"52":0,"53":0,"54":0,"55":0,"56":0,"57":0,"58":0,"59":0,"60":0,"61":0,"62":0,"63":0,"64":0,"65":5,"66":0,"67":0,"68":0,"69":0,"70":0,"71":0,"72":0,"73":0,"74":5,"75":0,"76":0,"77":0,"78":0,"79":0,"80":0,"81":0},"f":{"0":0,"1":0,"2":0,"3":0,"4":0,"5":0,"6":0,"7":0},"b":{"0":[0,0],"1":[0,0],"2":[0,0],"3":[0,0],"4":[0,0],"5":[0,0],"6":[0,0],"7":[0,0],"8":[0,0],"9":[0,0],"10":[0,0],"11":[0,0]},"_coverageSchema":"1a1c01bbd47fc00a2c39e90264f33305004495a9","hash":"61a184b06df5428fd39881498dee617266ad454a"}
,"C:\\Users\\cmedg\\Desktop\\SHIRTFINDER\\ShirtFinder\\backend\\middleware\\auth.js": {"path":"C:\\Users\\cmedg\\Desktop\\SHIRTFINDER\\ShirtFinder\\backend\\middleware\\auth.js","statementMap":{"0":{"start":{"line":1,"column":12},"end":{"line":1,"column":35}},"1":{"start":{"line":2,"column":13},"end":{"line":2,"column":36}},"2":{"start":{"line":4,"column":0},"end":{"line":41,"column":2}},"3":{"start":{"line":5,"column":2},"end":{"line":40,"column":3}},"4":{"start":{"line":8,"column":4},"end":{"line":10,"column":5}},"5":{"start":{"line":9,"column":6},"end":{"line":9,"column":54}},"6":{"start":{"line":12,"column":4},"end":{"line":17,"column":5}},"7":{"start":{"line":13,"column":6},"end":{"line":16,"column":9}},"8":{"start":{"line":19,"column":20},"end":{"line":19,"column":61}},"9":{"start":{"line":21,"column":20},"end":{"line":24,"column":5}},"10":{"start":{"line":26,"column":4},"end":{"line":31,"column":5}},"11":{"start":{"line":27,"column":6},"end":{"line":30,"column":9}},"12":{"start":{"line":33,"column":4},"end":{"line":33,"column":93}},"13":{"start":{"line":34,"column":4},"end":{"line":34,"column":11}},"14":{"start":{"line":36,"column":4},"end":{"line":39,"column":7}}},"fnMap":{"0":{"name":"(anonymous_0)","decl":{"start":{"line":4,"column":18},"end":{"line":4,"column":19}},"loc":{"start":{"line":4,"column":44},"end":{"line":41,"column":1}},"line":4}},"branchMap":{"0":{"loc":{"start":{"line":8,"column":4},"end":{"line":10,"column":5}},"type":"if","locations":[{"start":{"line":8,"column":4},"end":{"line":10,"column":5}},{"start":{},"end":{}}],"line":8},"1":{"loc":{"start":{"line":8,"column":8},"end":{"line":8,"column":83}},"type":"binary-expr","locations":[{"start":{"line":8,"column":8},"end":{"line":8,"column":33}},{"start":{"line":8,"column":37},"end":{"line":8,"column":83}}],"line":8},"2":{"loc":{"start":{"line":12,"column":4},"end":{"line":17,"column":5}},"type":"if","locations":[{"start":{"line":12,"column":4},"end":{"line":17,"column":5}},{"start":{},"end":{}}],"line":12},"3":{"loc":{"start":{"line":26,"column":4},"end":{"line":31,"column":5}},"type":"if","locations":[{"start":{"line":26,"column":4},"end":{"line":31,"column":5}},{"start":{},"end":{}}],"line":26}},"s":{"0":5,"1":5,"2":5,"3":0,"4":0,"5":0,"6":0,"7":0,"8":0,"9":0,"10":0,"11":0,"12":0,"13":0,"14":0},"f":{"0":0},"b":{"0":[0,0],"1":[0,0],"2":[0,0],"3":[0,0]},"_coverageSchema":"1a1c01bbd47fc00a2c39e90264f33305004495a9","hash":"e5292ca6d3724b23f680598531e553f649e0575c"}
,"C:\\Users\\cmedg\\Desktop\\SHIRTFINDER\\ShirtFinder\\backend\\middleware\\authMiddleware.js": {"path":"C:\\Users\\cmedg\\Desktop\\SHIRTFINDER\\ShirtFinder\\backend\\middleware\\authMiddleware.js","statementMap":{"0":{"start":{"line":1,"column":12},"end":{"line":1,"column":35}},"1":{"start":{"line":3,"column":0},"end":{"line":17,"column":2}},"2":{"start":{"line":4,"column":16},"end":{"line":4,"column":56}},"3":{"start":{"line":6,"column":2},"end":{"line":8,"column":3}},"4":{"start":{"line":7,"column":4},"end":{"line":7,"column":87}},"5":{"start":{"line":10,"column":2},"end":{"line":16,"column":3}},"6":{"start":{"line":11,"column":20},"end":{"line":11,"column":61}},"7":{"start":{"line":12,"column":4},"end":{"line":12,"column":34}},"8":{"start":{"line":13,"column":4},"end":{"line":13,"column":11}},"9":{"start":{"line":15,"column":4},"end":{"line":15,"column":79}}},"fnMap":{"0":{"name":"(anonymous_0)","decl":{"start":{"line":3,"column":22},"end":{"line":3,"column":23}},"loc":{"start":{"line":3,"column":42},"end":{"line":17,"column":1}},"line":3}},"branchMap":{"0":{"loc":{"start":{"line":6,"column":2},"end":{"line":8,"column":3}},"type":"if","locations":[{"start":{"line":6,"column":2},"end":{"line":8,"column":3}},{"start":{},"end":{}}],"line":6}},"s":{"0":5,"1":5,"2":12,"3":12,"4":5,"5":7,"6":7,"7":7,"8":7,"9":0},"f":{"0":12},"b":{"0":[5,7]},"_coverageSchema":"1a1c01bbd47fc00a2c39e90264f33305004495a9","hash":"a9e1b44a42dafba192b28ea074a1ab3eb410489c"}
,"C:\\Users\\cmedg\\Desktop\\SHIRTFINDER\\ShirtFinder\\backend\\routes\\auth.js": {"path":"C:\\Users\\cmedg\\Desktop\\SHIRTFINDER\\ShirtFinder\\backend\\routes\\auth.js","statementMap":{"0":{"start":{"line":1,"column":16},"end":{"line":1,"column":34}},"1":{"start":{"line":2,"column":15},"end":{"line":2,"column":31}},"2":{"start":{"line":3,"column":23},"end":{"line":3,"column":63}},"3":{"start":{"line":4,"column":20},"end":{"line":4,"column":49}},"4":{"start":{"line":6,"column":0},"end":{"line":6,"column":63}},"5":{"start":{"line":7,"column":0},"end":{"line":7,"column":61}},"6":{"start":{"line":8,"column":0},"end":{"line":8,"column":50}},"7":{"start":{"line":9,"column":0},"end":{"line":9,"column":44}},"8":{"start":{"line":10,"column":0},"end":{"line":10,"column":49}},"9":{"start":{"line":12,"column":0},"end":{"line":12,"column":24}}},"fnMap":{},"branchMap":{},"s":{"0":5,"1":5,"2":5,"3":5,"4":5,"5":5,"6":5,"7":5,"8":5,"9":5},"f":{},"b":{},"_coverageSchema":"1a1c01bbd47fc00a2c39e90264f33305004495a9","hash":"d1cca38d55dc2aca0dc4c1a4ee476c8912c584f6"}
,"C:\\Users\\cmedg\\Desktop\\SHIRTFINDER\\ShirtFinder\\backend\\routes\\commentRoutes.js": {"path":"C:\\Users\\cmedg\\Desktop\\SHIRTFINDER\\ShirtFinder\\backend\\routes\\commentRoutes.js","statementMap":{"0":{"start":{"line":1,"column":16},"end":{"line":1,"column":34}},"1":{"start":{"line":2,"column":15},"end":{"line":2,"column":31}},"2":{"start":{"line":3,"column":26},"end":{"line":3,"column":69}},"3":{"start":{"line":4,"column":24},"end":{"line":4,"column":63}},"4":{"start":{"line":6,"column":0},"end":{"line":6,"column":71}},"5":{"start":{"line":7,"column":0},"end":{"line":7,"column":62}},"6":{"start":{"line":8,"column":0},"end":{"line":8,"column":68}},"7":{"start":{"line":9,"column":0},"end":{"line":9,"column":75}},"8":{"start":{"line":11,"column":0},"end":{"line":11,"column":24}}},"fnMap":{},"branchMap":{},"s":{"0":5,"1":5,"2":5,"3":5,"4":5,"5":5,"6":5,"7":5,"8":5},"f":{},"b":{},"_coverageSchema":"1a1c01bbd47fc00a2c39e90264f33305004495a9","hash":"776666523252e792c285d8b48095aee5bc5482f3"}
,"C:\\Users\\cmedg\\Desktop\\SHIRTFINDER\\ShirtFinder\\backend\\routes\\favoriteRoutes.js": {"path":"C:\\Users\\cmedg\\Desktop\\SHIRTFINDER\\ShirtFinder\\backend\\routes\\favoriteRoutes.js","statementMap":{"0":{"start":{"line":1,"column":16},"end":{"line":1,"column":34}},"1":{"start":{"line":2,"column":15},"end":{"line":2,"column":31}},"2":{"start":{"line":3,"column":73},"end":{"line":3,"column":117}},"3":{"start":{"line":4,"column":24},"end":{"line":4,"column":63}},"4":{"start":{"line":6,"column":0},"end":{"line":6,"column":51}},"5":{"start":{"line":7,"column":0},"end":{"line":7,"column":56}},"6":{"start":{"line":8,"column":0},"end":{"line":8,"column":47}},"7":{"start":{"line":9,"column":0},"end":{"line":9,"column":58}},"8":{"start":{"line":11,"column":0},"end":{"line":11,"column":24}}},"fnMap":{},"branchMap":{},"s":{"0":5,"1":5,"2":5,"3":5,"4":5,"5":5,"6":5,"7":5,"8":5},"f":{},"b":{},"_coverageSchema":"1a1c01bbd47fc00a2c39e90264f33305004495a9","hash":"a5a7f58d54cbcc68187c91e62d487484148d2bf3"}
,"C:\\Users\\cmedg\\Desktop\\SHIRTFINDER\\ShirtFinder\\backend\\routes\\postRoutes.js": {"path":"C:\\Users\\cmedg\\Desktop\\SHIRTFINDER\\ShirtFinder\\backend\\routes\\postRoutes.js","statementMap":{"0":{"start":{"line":1,"column":16},"end":{"line":1,"column":34}},"1":{"start":{"line":2,"column":15},"end":{"line":2,"column":31}},"2":{"start":{"line":3,"column":15},"end":{"line":3,"column":32}},"3":{"start":{"line":4,"column":13},"end":{"line":4,"column":28}},"4":{"start":{"line":5,"column":97},"end":{"line":5,"column":137}},"5":{"start":{"line":6,"column":24},"end":{"line":6,"column":63}},"6":{"start":{"line":8,"column":16},"end":{"line":11,"column":2}},"7":{"start":{"line":10,"column":33},"end":{"line":10,"column":87}},"8":{"start":{"line":12,"column":15},"end":{"line":12,"column":34}},"9":{"start":{"line":14,"column":0},"end":{"line":14,"column":26}},"10":{"start":{"line":15,"column":0},"end":{"line":15,"column":51}},"11":{"start":{"line":16,"column":0},"end":{"line":16,"column":32}},"12":{"start":{"line":17,"column":0},"end":{"line":17,"column":39}},"13":{"start":{"line":18,"column":0},"end":{"line":18,"column":71}},"14":{"start":{"line":19,"column":0},"end":{"line":19,"column":54}},"15":{"start":{"line":20,"column":0},"end":{"line":20,"column":47}},"16":{"start":{"line":22,"column":0},"end":{"line":22,"column":24}}},"fnMap":{"0":{"name":"(anonymous_0)","decl":{"start":{"line":10,"column":14},"end":{"line":10,"column":15}},"loc":{"start":{"line":10,"column":33},"end":{"line":10,"column":87}},"line":10}},"branchMap":{},"s":{"0":5,"1":5,"2":5,"3":5,"4":5,"5":5,"6":5,"7":0,"8":5,"9":5,"10":5,"11":5,"12":5,"13":5,"14":5,"15":5,"16":5},"f":{"0":0},"b":{},"_coverageSchema":"1a1c01bbd47fc00a2c39e90264f33305004495a9","hash":"efc02f48b804af0a1acb6ea2d75711d5cad9a02c"}
,"C:\\Users\\cmedg\\Desktop\\SHIRTFINDER\\ShirtFinder\\backend\\routes\\shirts.js": {"path":"C:\\Users\\cmedg\\Desktop\\SHIRTFINDER\\ShirtFinder\\backend\\routes\\shirts.js","statementMap":{"0":{"start":{"line":1,"column":16},"end":{"line":1,"column":34}},"1":{"start":{"line":2,"column":15},"end":{"line":2,"column":31}},"2":{"start":{"line":3,"column":24},"end":{"line":3,"column":65}},"3":{"start":{"line":5,"column":0},"end":{"line":5,"column":52}},"4":{"start":{"line":6,"column":0},"end":{"line":6,"column":46}},"5":{"start":{"line":7,"column":0},"end":{"line":7,"column":49}},"6":{"start":{"line":8,"column":0},"end":{"line":8,"column":46}},"7":{"start":{"line":9,"column":0},"end":{"line":9,"column":48}},"8":{"start":{"line":10,"column":0},"end":{"line":10,"column":51}},"9":{"start":{"line":12,"column":0},"end":{"line":12,"column":24}}},"fnMap":{},"branchMap":{},"s":{"0":5,"1":5,"2":5,"3":5,"4":5,"5":5,"6":5,"7":5,"8":5,"9":5},"f":{},"b":{},"_coverageSchema":"1a1c01bbd47fc00a2c39e90264f33305004495a9","hash":"c5ed9d07f804d4f1cb8119498f2586d62e9e0ffc"}
,"C:\\Users\\cmedg\\Desktop\\SHIRTFINDER\\ShirtFinder\\backend\\routes\\userRoutes.js": {"path":"C:\\Users\\cmedg\\Desktop\\SHIRTFINDER\\ShirtFinder\\backend\\routes\\userRoutes.js","statementMap":{"0":{"start":{"line":1,"column":16},"end":{"line":1,"column":34}},"1":{"start":{"line":2,"column":15},"end":{"line":2,"column":31}},"2":{"start":{"line":3,"column":15},"end":{"line":3,"column":32}},"3":{"start":{"line":4,"column":13},"end":{"line":4,"column":28}},"4":{"start":{"line":14,"column":4},"end":{"line":14,"column":44}},"5":{"start":{"line":15,"column":20},"end":{"line":15,"column":49}},"6":{"start":{"line":17,"column":16},"end":{"line":20,"column":2}},"7":{"start":{"line":18,"column":36},"end":{"line":18,"column":64}},"8":{"start":{"line":19,"column":33},"end":{"line":19,"column":92}},"9":{"start":{"line":21,"column":15},"end":{"line":21,"column":34}},"10":{"start":{"line":23,"column":0},"end":{"line":23,"column":44}},"11":{"start":{"line":24,"column":0},"end":{"line":24,"column":58}},"12":{"start":{"line":25,"column":0},"end":{"line":25,"column":60}},"13":{"start":{"line":27,"column":0},"end":{"line":27,"column":56}},"14":{"start":{"line":28,"column":0},"end":{"line":28,"column":50}},"15":{"start":{"line":29,"column":0},"end":{"line":29,"column":56}},"16":{"start":{"line":30,"column":0},"end":{"line":30,"column":77}},"17":{"start":{"line":31,"column":0},"end":{"line":31,"column":57}},"18":{"start":{"line":33,"column":0},"end":{"line":33,"column":24}}},"fnMap":{"0":{"name":"(anonymous_0)","decl":{"start":{"line":18,"column":17},"end":{"line":18,"column":18}},"loc":{"start":{"line":18,"column":36},"end":{"line":18,"column":64}},"line":18},"1":{"name":"(anonymous_1)","decl":{"start":{"line":19,"column":14},"end":{"line":19,"column":15}},"loc":{"start":{"line":19,"column":33},"end":{"line":19,"column":92}},"line":19}},"branchMap":{},"s":{"0":5,"1":5,"2":5,"3":5,"4":5,"5":5,"6":5,"7":0,"8":0,"9":5,"10":5,"11":5,"12":5,"13":5,"14":5,"15":5,"16":5,"17":5,"18":5},"f":{"0":0,"1":0},"b":{},"_coverageSchema":"1a1c01bbd47fc00a2c39e90264f33305004495a9","hash":"699db8ece1114fc751b3a8d18d5e259293b98517"}
,"C:\\Users\\cmedg\\Desktop\\SHIRTFINDER\\ShirtFinder\\backend\\utils\\mailer.js": {"path":"C:\\Users\\cmedg\\Desktop\\SHIRTFINDER\\ShirtFinder\\backend\\utils\\mailer.js","statementMap":{"0":{"start":{"line":1,"column":19},"end":{"line":1,"column":40}},"1":{"start":{"line":3,"column":20},"end":{"line":9,"column":2}},"2":{"start":{"line":11,"column":23},"end":{"line":30,"column":1}},"3":{"start":{"line":12,"column":17},"end":{"line":12,"column":70}},"4":{"start":{"line":14,"column":17},"end":{"line":27,"column":6}},"5":{"start":{"line":29,"column":4},"end":{"line":29,"column":16}},"6":{"start":{"line":32,"column":0},"end":{"line":32,"column":36}}},"fnMap":{"0":{"name":"(anonymous_0)","decl":{"start":{"line":11,"column":23},"end":{"line":11,"column":24}},"loc":{"start":{"line":11,"column":44},"end":{"line":30,"column":1}},"line":11}},"branchMap":{},"s":{"0":4,"1":4,"2":4,"3":0,"4":0,"5":0,"6":4},"f":{"0":0},"b":{},"_coverageSchema":"1a1c01bbd47fc00a2c39e90264f33305004495a9","hash":"c151a03c9be1945eeeadcba19e406f289a861451"}
}
