TN:
SF:server.js
FN:26,runMigrations
FN:51,(anonymous_1)
FN:53,(anonymous_2)
FN:66,oo_cm
FNF:4
FNH:0
FNDA:0,runMigrations
FNDA:0,(anonymous_1)
FNDA:0,(anonymous_2)
FNDA:0,oo_cm
DA:1,5
DA:2,5
DA:3,5
DA:4,5
DA:6,5
DA:8,5
DA:9,5
DA:11,5
DA:12,5
DA:13,5
DA:14,5
DA:15,5
DA:16,5
DA:18,5
DA:19,5
DA:20,5
DA:21,5
DA:22,5
DA:23,5
DA:24,5
DA:27,0
DA:28,0
DA:29,0
DA:30,0
DA:32,0
DA:46,0
DA:50,5
DA:51,0
DA:52,0
DA:53,0
DA:54,0
DA:59,5
DA:66,0
LF:33
LH:22
BRDA:29,0,0,0
BRDA:29,0,1,0
BRDA:50,1,0,0
BRDA:50,1,1,5
BRDA:52,2,0,0
BRDA:52,2,1,0
BRDA:66,3,0,0
BRDA:66,3,1,0
BRF:8
BRH:1
end_of_record
TN:
SF:config\db.js
FN:15,(anonymous_0)
FN:19,(anonymous_1)
FN:30,oo_cm
FNF:3
FNH:2
FNDA:5,(anonymous_0)
FNDA:0,(anonymous_1)
FNDA:5,oo_cm
DA:1,5
DA:3,5
DA:14,5
DA:16,5
DA:17,5
DA:20,0
DA:23,5
DA:30,5
LF:8
LH:7
BRDA:4,0,0,5
BRDA:4,0,1,0
BRDA:5,1,0,5
BRDA:5,1,1,0
BRDA:6,2,0,5
BRDA:6,2,1,0
BRDA:7,3,0,5
BRDA:7,3,1,0
BRDA:8,4,0,5
BRDA:8,4,1,0
BRDA:30,5,0,5
BRDA:30,5,1,5
BRF:12
BRH:7
end_of_record
TN:
SF:controllers\authController.js
FN:7,(anonymous_0)
FN:46,(anonymous_1)
FN:100,(anonymous_2)
FN:123,(anonymous_3)
FN:152,(anonymous_4)
FNF:5
FNH:2
FNDA:3,(anonymous_0)
FNDA:3,(anonymous_1)
FNDA:0,(anonymous_2)
FNDA:0,(anonymous_3)
FNDA:0,(anonymous_4)
DA:1,5
DA:2,5
DA:3,5
DA:4,5
DA:5,5
DA:7,5
DA:8,3
DA:9,3
DA:11,3
DA:12,1
DA:18,2
DA:23,2
DA:24,1
DA:30,1
DA:32,1
DA:37,1
DA:42,0
DA:46,5
DA:47,3
DA:48,3
DA:50,3
DA:51,0
DA:57,3
DA:62,3
DA:63,1
DA:69,2
DA:71,2
DA:73,2
DA:74,1
DA:80,1
DA:86,1
DA:96,0
DA:100,5
DA:101,0
DA:102,0
DA:107,0
DA:108,0
DA:114,0
DA:119,0
DA:123,5
DA:124,0
DA:125,0
DA:127,0
DA:129,0
DA:131,0
DA:132,0
DA:135,0
DA:136,0
DA:138,0
DA:139,0
DA:144,0
DA:146,0
DA:148,0
DA:152,5
DA:153,0
DA:154,0
DA:155,0
DA:157,0
DA:162,0
DA:163,0
DA:166,0
DA:167,0
DA:169,0
DA:170,0
DA:172,0
DA:174,0
LF:66
LH:32
BRDA:11,0,0,1
BRDA:11,0,1,2
BRDA:11,1,0,3
BRDA:11,1,1,2
BRDA:11,1,2,2
BRDA:23,2,0,1
BRDA:23,2,1,1
BRDA:50,3,0,0
BRDA:50,3,1,3
BRDA:50,4,0,3
BRDA:50,4,1,3
BRDA:62,5,0,1
BRDA:62,5,1,2
BRDA:73,6,0,1
BRDA:73,6,1,1
BRDA:107,7,0,0
BRDA:107,7,1,0
BRDA:127,8,0,0
BRDA:127,8,1,0
BRDA:131,9,0,0
BRDA:131,9,1,0
BRDA:155,10,0,0
BRDA:155,10,1,0
BRDA:155,11,0,0
BRDA:155,11,1,0
BRDA:162,12,0,0
BRDA:162,12,1,0
BRF:27
BRH:14
end_of_record
TN:
SF:controllers\commentController.js
FN:3,(anonymous_0)
FN:16,(anonymous_1)
FN:27,(anonymous_2)
FN:63,(anonymous_3)
FN:83,(anonymous_4)
FNF:5
FNH:3
FNDA:1,(anonymous_0)
FNDA:1,(anonymous_1)
FNDA:0,(anonymous_2)
FNDA:0,(anonymous_3)
FNDA:1,(anonymous_4)
DA:1,5
DA:3,5
DA:4,1
DA:5,1
DA:7,1
DA:16,1
DA:21,1
DA:23,0
DA:27,5
DA:28,0
DA:29,0
DA:30,0
DA:31,0
DA:33,0
DA:34,0
DA:37,0
DA:39,0
DA:44,0
DA:52,0
DA:57,0
DA:59,0
DA:63,5
DA:64,0
DA:65,0
DA:67,0
DA:77,0
DA:79,0
DA:83,5
DA:84,1
DA:85,1
DA:86,1
DA:88,1
DA:93,1
DA:94,0
DA:97,1
DA:98,0
DA:101,0
DA:102,0
DA:104,1
LF:39
LH:17
BRDA:18,0,0,1
BRDA:18,0,1,1
BRDA:33,1,0,0
BRDA:33,1,1,0
BRDA:33,2,0,0
BRDA:33,2,1,0
BRDA:37,3,0,0
BRDA:37,3,1,0
BRDA:54,4,0,0
BRDA:54,4,1,0
BRDA:93,5,0,0
BRDA:93,5,1,1
BRDA:97,6,0,0
BRDA:97,6,1,0
BRF:14
BRH:3
end_of_record
TN:
SF:controllers\favoriteController.js
FN:10,(anonymous_0)
FN:26,(anonymous_1)
FN:39,(anonymous_2)
FN:59,(anonymous_3)
FNF:4
FNH:2
FNDA:0,(anonymous_0)
FNDA:1,(anonymous_1)
FNDA:1,(anonymous_2)
FNDA:0,(anonymous_3)
DA:2,5
DA:3,5
DA:5,0
DA:8,5
DA:10,5
DA:11,0
DA:12,0
DA:13,0
DA:14,0
DA:16,0
DA:17,0
DA:19,0
DA:20,0
DA:22,0
DA:26,5
DA:27,1
DA:28,1
DA:29,1
DA:30,1
DA:32,1
DA:33,1
DA:35,0
DA:39,5
DA:40,1
DA:41,1
DA:42,1
DA:44,1
DA:53,1
DA:55,0
DA:59,5
DA:60,0
DA:61,0
DA:62,0
DA:63,0
DA:65,0
DA:70,0
DA:72,0
DA:76,5
LF:38
LH:19
BRDA:8,0,0,0
BRDA:8,0,1,5
BRDA:8,1,0,5
BRDA:8,1,1,5
BRDA:14,2,0,0
BRDA:14,2,1,0
BRDA:14,3,0,0
BRDA:14,3,1,0
BRDA:19,4,0,0
BRDA:19,4,1,0
BRDA:19,5,0,0
BRDA:19,5,1,0
BRDA:19,5,2,0
BRDA:30,6,0,0
BRDA:30,6,1,1
BRDA:30,7,0,1
BRDA:30,7,1,1
BRDA:42,8,0,0
BRDA:42,8,1,1
BRDA:53,9,0,1
BRDA:53,9,1,0
BRDA:63,10,0,0
BRDA:63,10,1,0
BRDA:63,11,0,0
BRDA:63,11,1,0
BRDA:70,12,0,0
BRDA:70,12,1,0
BRF:27
BRH:8
end_of_record
TN:
SF:controllers\postController.js
FN:3,(anonymous_0)
FN:35,(anonymous_1)
FN:57,(anonymous_2)
FN:80,(anonymous_3)
FN:100,(anonymous_4)
FN:131,(anonymous_5)
FN:149,(anonymous_6)
FNF:7
FNH:4
FNDA:1,(anonymous_0)
FNDA:2,(anonymous_1)
FNDA:2,(anonymous_2)
FNDA:0,(anonymous_3)
FNDA:0,(anonymous_4)
FNDA:0,(anonymous_5)
FNDA:2,(anonymous_6)
DA:1,5
DA:3,5
DA:4,1
DA:5,1
DA:6,1
DA:8,1
DA:9,1
DA:11,1
DA:12,1
DA:13,1
DA:14,0
DA:15,0
DA:18,1
DA:29,1
DA:31,0
DA:35,5
DA:36,2
DA:37,2
DA:38,2
DA:40,2
DA:41,1
DA:44,1
DA:46,1
DA:51,1
DA:53,0
DA:57,5
DA:58,2
DA:59,2
DA:61,2
DA:70,2
DA:71,1
DA:74,1
DA:76,0
DA:80,5
DA:81,0
DA:82,0
DA:84,0
DA:94,0
DA:96,0
DA:100,5
DA:101,0
DA:102,0
DA:103,0
DA:104,0
DA:106,0
DA:107,0
DA:110,0
DA:115,0
DA:117,0
DA:125,0
DA:127,0
DA:131,5
DA:132,0
DA:133,0
DA:135,0
DA:143,0
DA:145,0
DA:149,5
DA:150,2
DA:151,2
DA:152,2
DA:154,2
DA:155,2
DA:156,2
DA:158,1
DA:159,1
DA:161,1
DA:163,0
LF:68
LH:41
BRDA:6,0,0,0
BRDA:6,0,1,1
BRDA:9,1,0,0
BRDA:9,1,1,1
BRDA:9,2,0,1
BRDA:9,2,1,1
BRDA:13,3,0,0
BRDA:13,3,1,1
BRDA:40,4,0,1
BRDA:40,4,1,1
BRDA:40,5,0,2
BRDA:40,5,1,2
BRDA:44,6,0,0
BRDA:44,6,1,1
BRDA:48,7,0,1
BRDA:48,7,1,0
BRDA:70,8,0,1
BRDA:70,8,1,1
BRDA:106,9,0,0
BRDA:106,9,1,0
BRDA:106,10,0,0
BRDA:106,10,1,0
BRDA:155,11,0,0
BRDA:155,11,1,2
BRDA:156,12,0,1
BRDA:156,12,1,1
BRF:26
BRH:16
end_of_record
TN:
SF:controllers\shirtController.js
FN:3,(anonymous_0)
FN:22,(anonymous_1)
FN:28,(anonymous_2)
FN:34,(anonymous_3)
FN:40,(anonymous_4)
FN:46,(anonymous_5)
FN:81,(anonymous_6)
FN:97,(anonymous_7)
FN:120,(anonymous_8)
FN:141,(anonymous_9)
FN:166,(anonymous_10)
FN:189,(anonymous_11)
FN:216,(anonymous_12)
FNF:13
FNH:4
FNDA:2,(anonymous_0)
FNDA:0,(anonymous_1)
FNDA:1,(anonymous_2)
FNDA:0,(anonymous_3)
FNDA:0,(anonymous_4)
FNDA:0,(anonymous_5)
FNDA:3,(anonymous_6)
FNDA:2,(anonymous_7)
FNDA:0,(anonymous_8)
FNDA:0,(anonymous_9)
FNDA:0,(anonymous_10)
FNDA:0,(anonymous_11)
FNDA:0,(anonymous_12)
DA:1,5
DA:3,5
DA:4,2
DA:5,2
DA:7,2
DA:18,2
DA:20,2
DA:21,0
DA:22,0
DA:23,0
DA:26,2
DA:27,1
DA:28,1
DA:29,1
DA:32,2
DA:33,0
DA:34,0
DA:35,0
DA:38,2
DA:39,0
DA:40,0
DA:41,0
DA:44,2
DA:45,0
DA:46,0
DA:47,0
DA:50,2
DA:51,0
DA:52,0
DA:55,2
DA:56,0
DA:57,0
DA:60,2
DA:62,2
DA:63,0
DA:64,0
DA:67,2
DA:68,0
DA:69,2
DA:70,0
DA:71,2
DA:72,0
DA:73,2
DA:74,0
DA:76,2
DA:79,2
DA:81,3
DA:87,2
DA:93,0
DA:97,5
DA:98,2
DA:99,2
DA:104,2
DA:105,1
DA:111,1
DA:116,0
DA:120,5
DA:121,0
DA:122,0
DA:124,0
DA:129,0
DA:137,0
DA:141,5
DA:142,0
DA:143,0
DA:145,0
DA:150,0
DA:151,0
DA:157,0
DA:162,0
DA:166,5
DA:167,0
DA:168,0
DA:173,0
DA:174,0
DA:180,0
DA:185,0
DA:189,5
DA:190,0
DA:191,0
DA:193,0
DA:194,0
DA:200,0
DA:213,0
DA:214,0
DA:216,0
DA:222,0
DA:228,0
LF:88
LH:36
BRDA:20,0,0,0
BRDA:20,0,1,2
BRDA:26,1,0,1
BRDA:26,1,1,1
BRDA:32,2,0,0
BRDA:32,2,1,2
BRDA:38,3,0,0
BRDA:38,3,1,2
BRDA:44,4,0,0
BRDA:44,4,1,2
BRDA:50,5,0,0
BRDA:50,5,1,2
BRDA:55,6,0,0
BRDA:55,6,1,2
BRDA:62,7,0,0
BRDA:62,7,1,2
BRDA:67,8,0,0
BRDA:67,8,1,2
BRDA:69,9,0,0
BRDA:69,9,1,2
BRDA:71,10,0,0
BRDA:71,10,1,2
BRDA:73,11,0,0
BRDA:73,11,1,2
BRDA:83,12,0,3
BRDA:83,12,1,3
BRDA:84,13,0,3
BRDA:84,13,1,3
BRDA:104,14,0,1
BRDA:104,14,1,1
BRDA:150,15,0,0
BRDA:150,15,1,0
BRDA:173,16,0,0
BRDA:173,16,1,0
BRDA:193,17,0,0
BRDA:193,17,1,0
BRDA:218,18,0,0
BRDA:218,18,1,0
BRDA:219,19,0,0
BRDA:219,19,1,0
BRF:40
BRH:19
end_of_record
TN:
SF:controllers\userController.js
FN:5,(anonymous_0)
FN:28,(anonymous_1)
FN:49,(anonymous_2)
FN:69,(anonymous_3)
FN:90,(anonymous_4)
FN:117,(anonymous_5)
FN:140,(anonymous_6)
FN:155,(anonymous_7)
FNF:8
FNH:0
FNDA:0,(anonymous_0)
FNDA:0,(anonymous_1)
FNDA:0,(anonymous_2)
FNDA:0,(anonymous_3)
FNDA:0,(anonymous_4)
FNDA:0,(anonymous_5)
FNDA:0,(anonymous_6)
FNDA:0,(anonymous_7)
DA:1,5
DA:2,5
DA:3,5
DA:5,5
DA:6,0
DA:7,0
DA:9,0
DA:18,0
DA:19,0
DA:22,0
DA:24,0
DA:28,5
DA:29,0
DA:30,0
DA:32,0
DA:43,0
DA:45,0
DA:49,5
DA:50,0
DA:51,0
DA:53,0
DA:63,0
DA:65,0
DA:69,5
DA:70,0
DA:71,0
DA:72,0
DA:74,0
DA:75,0
DA:78,0
DA:79,0
DA:80,0
DA:83,0
DA:84,0
DA:86,0
DA:90,5
DA:91,0
DA:92,0
DA:93,0
DA:95,0
DA:96,0
DA:99,0
DA:100,0
DA:101,0
DA:104,0
DA:105,0
DA:106,0
DA:109,0
DA:110,0
DA:111,0
DA:113,0
DA:117,5
DA:118,0
DA:119,0
DA:120,0
DA:122,0
DA:123,0
DA:126,0
DA:127,0
DA:128,0
DA:129,0
DA:132,0
DA:133,0
DA:134,0
DA:136,0
DA:140,5
DA:141,0
DA:142,0
DA:143,0
DA:144,0
DA:147,0
DA:148,0
DA:149,0
DA:151,0
DA:155,5
DA:156,0
DA:157,0
DA:158,0
DA:159,0
DA:160,0
DA:161,0
DA:163,0
LF:82
LH:11
BRDA:18,0,0,0
BRDA:18,0,1,0
BRDA:74,1,0,0
BRDA:74,1,1,0
BRDA:74,2,0,0
BRDA:74,2,1,0
BRDA:79,3,0,0
BRDA:79,3,1,0
BRDA:95,4,0,0
BRDA:95,4,1,0
BRDA:95,5,0,0
BRDA:95,5,1,0
BRDA:100,6,0,0
BRDA:100,6,1,0
BRDA:105,7,0,0
BRDA:105,7,1,0
BRDA:122,8,0,0
BRDA:122,8,1,0
BRDA:122,9,0,0
BRDA:122,9,1,0
BRDA:128,10,0,0
BRDA:128,10,1,0
BRDA:143,11,0,0
BRDA:143,11,1,0
BRF:24
BRH:0
end_of_record
TN:
SF:middleware\auth.js
FN:4,(anonymous_0)
FNF:1
FNH:0
FNDA:0,(anonymous_0)
DA:1,5
DA:2,5
DA:4,5
DA:5,0
DA:8,0
DA:9,0
DA:12,0
DA:13,0
DA:19,0
DA:21,0
DA:26,0
DA:27,0
DA:33,0
DA:34,0
DA:36,0
LF:15
LH:3
BRDA:8,0,0,0
BRDA:8,0,1,0
BRDA:8,1,0,0
BRDA:8,1,1,0
BRDA:12,2,0,0
BRDA:12,2,1,0
BRDA:26,3,0,0
BRDA:26,3,1,0
BRF:8
BRH:0
end_of_record
TN:
SF:middleware\authMiddleware.js
FN:3,(anonymous_0)
FNF:1
FNH:1
FNDA:12,(anonymous_0)
DA:1,5
DA:3,5
DA:4,12
DA:6,12
DA:7,5
DA:10,7
DA:11,7
DA:12,7
DA:13,7
DA:15,0
LF:10
LH:9
BRDA:6,0,0,5
BRDA:6,0,1,7
BRF:2
BRH:2
end_of_record
TN:
SF:routes\auth.js
FNF:0
FNH:0
DA:1,5
DA:2,5
DA:3,5
DA:4,5
DA:6,5
DA:7,5
DA:8,5
DA:9,5
DA:10,5
DA:12,5
LF:10
LH:10
BRF:0
BRH:0
end_of_record
TN:
SF:routes\commentRoutes.js
FNF:0
FNH:0
DA:1,5
DA:2,5
DA:3,5
DA:4,5
DA:6,5
DA:7,5
DA:8,5
DA:9,5
DA:11,5
LF:9
LH:9
BRF:0
BRH:0
end_of_record
TN:
SF:routes\favoriteRoutes.js
FNF:0
FNH:0
DA:1,5
DA:2,5
DA:3,5
DA:4,5
DA:6,5
DA:7,5
DA:8,5
DA:9,5
DA:11,5
LF:9
LH:9
BRF:0
BRH:0
end_of_record
TN:
SF:routes\postRoutes.js
FN:10,(anonymous_0)
FNF:1
FNH:0
FNDA:0,(anonymous_0)
DA:1,5
DA:2,5
DA:3,5
DA:4,5
DA:5,5
DA:6,5
DA:8,5
DA:10,0
DA:12,5
DA:14,5
DA:15,5
DA:16,5
DA:17,5
DA:18,5
DA:19,5
DA:20,5
DA:22,5
LF:17
LH:16
BRF:0
BRH:0
end_of_record
TN:
SF:routes\shirts.js
FNF:0
FNH:0
DA:1,5
DA:2,5
DA:3,5
DA:5,5
DA:6,5
DA:7,5
DA:8,5
DA:9,5
DA:10,5
DA:12,5
LF:10
LH:10
BRF:0
BRH:0
end_of_record
TN:
SF:routes\userRoutes.js
FN:18,(anonymous_0)
FN:19,(anonymous_1)
FNF:2
FNH:0
FNDA:0,(anonymous_0)
FNDA:0,(anonymous_1)
DA:1,5
DA:2,5
DA:3,5
DA:4,5
DA:14,5
DA:15,5
DA:17,5
DA:18,0
DA:19,0
DA:21,5
DA:23,5
DA:24,5
DA:25,5
DA:27,5
DA:28,5
DA:29,5
DA:30,5
DA:31,5
DA:33,5
LF:19
LH:17
BRF:0
BRH:0
end_of_record
TN:
SF:utils\mailer.js
FN:11,(anonymous_0)
FNF:1
FNH:0
FNDA:0,(anonymous_0)
DA:1,4
DA:3,4
DA:11,4
DA:12,0
DA:14,0
DA:29,0
DA:32,4
LF:7
LH:4
BRF:0
BRH:0
end_of_record
